2022.12.15 15:19:45 INFO  tracing is disabled for protocol LSP, to enable tracing of incoming and outgoing JSON messages create an empty file at c:\Users\Mowodis\Desktop\Studium\Semester_3\Theoretische Informatik 1\Übungen\Übung 8\Uebungsblatt-8\.metals\lsp.trace.json or C:\Users\Mowodis\AppData\Local\scalameta\metals\cache\lsp.trace.json
2022.12.15 15:19:46 INFO  logging to file C:\Users\Mowodis\Desktop\Studium\Semester_3\Theoretische Informatik 1\Übungen\Übung 8\Uebungsblatt-8\.metals\metals.log
2022.12.15 15:19:46 INFO  Started: Metals version 0.11.9 in workspace 'C:\Users\Mowodis\Desktop\Studium\Semester_3\Theoretische Informatik 1\Übungen\Übung 8\Uebungsblatt-8' for client Visual Studio Code 1.74.1.
2022.12.15 15:19:46 WARN  Can't instantiate JavaInteractiveSemanticdb (version: JdkVersion(8), jdkHome: D:\Program Files\Java, javac exists: false)
2022.12.15 15:19:47 INFO  time: initialize in 1.2s
2022.12.15 15:19:47 WARN  Build server is not auto-connectable.
2022.12.15 15:19:47 WARN  no build tool detected in workspace 'C:\Users\Mowodis\Desktop\Studium\Semester_3\Theoretische Informatik 1\Übungen\Übung 8\Uebungsblatt-8'. The most common cause for this problem is that the editor was opened in the wrong working directory, for example if you use sbt then the workspace directory should contain build.sbt. 
2022.12.15 15:19:47 WARN  no build target for: C:\Users\Mowodis\Desktop\Studium\Semester_3\Theoretische Informatik 1\Übungen\Übung 8\Uebungsblatt-8\JavaSorting.java
2022.12.15 20:57:38 INFO  shutting down Metals
2022.12.17 14:19:31 INFO  tracing is disabled for protocol LSP, to enable tracing of incoming and outgoing JSON messages create an empty file at c:\Users\Mowodis\Desktop\Studium\Semester_3\Theoretische Informatik 1\Übungen\Übung 8\Uebungsblatt-8\.metals\lsp.trace.json or C:\Users\Mowodis\AppData\Local\scalameta\metals\cache\lsp.trace.json
2022.12.17 14:19:32 INFO  logging to file C:\Users\Mowodis\Desktop\Studium\Semester_3\Theoretische Informatik 1\Übungen\Übung 8\Uebungsblatt-8\.metals\metals.log
2022.12.17 14:19:32 INFO  Started: Metals version 0.11.9 in workspace 'C:\Users\Mowodis\Desktop\Studium\Semester_3\Theoretische Informatik 1\Übungen\Übung 8\Uebungsblatt-8' for client Visual Studio Code 1.74.1.
2022.12.17 14:19:32 WARN  Can't instantiate JavaInteractiveSemanticdb (version: JdkVersion(8), jdkHome: D:\Program Files\Java, javac exists: false)
2022.12.17 14:19:33 INFO  time: initialize in 0.82s
2022.12.17 14:19:34 WARN  Build server is not auto-connectable.
2022.12.17 14:19:34 WARN  no build tool detected in workspace 'C:\Users\Mowodis\Desktop\Studium\Semester_3\Theoretische Informatik 1\Übungen\Übung 8\Uebungsblatt-8'. The most common cause for this problem is that the editor was opened in the wrong working directory, for example if you use sbt then the workspace directory should contain build.sbt. 
2022.12.17 14:19:34 WARN  no build target for: C:\Users\Mowodis\Desktop\Studium\Semester_3\Theoretische Informatik 1\Übungen\Übung 8\Uebungsblatt-8\javaTests.java
2022.12.17 14:20:30 WARN  no build target for: C:\Users\Mowodis\Desktop\Studium\Semester_3\Theoretische Informatik 1\Übungen\Übung 8\Uebungsblatt-8\javaSorting.java
2022.12.17 14:20:33 WARN  no build target for: C:\Users\Mowodis\Desktop\Studium\Semester_3\Theoretische Informatik 1\Übungen\Übung 8\Uebungsblatt-8\javaSorting.java
2022.12.17 14:20:35 WARN  no build target for: C:\Users\Mowodis\Desktop\Studium\Semester_3\Theoretische Informatik 1\Übungen\Übung 8\Uebungsblatt-8\javaSorting.java
Dez 17, 2022 2:21:03 PM org.eclipse.lsp4j.jsonrpc.RemoteEndpoint handleCancellation
WARNUNG: Unmatched cancel notification for request id 297
2022.12.17 14:22:04 WARN  no build target for: C:\Users\Mowodis\Desktop\Studium\Semester_3\Theoretische Informatik 1\Übungen\Übung 8\Uebungsblatt-8\javaSorting.java
2022.12.17 14:22:49 WARN  no build target for: C:\Users\Mowodis\Desktop\Studium\Semester_3\Theoretische Informatik 1\Übungen\Übung 8\Uebungsblatt-8\javaSorting.java
2022.12.17 14:23:01 WARN  no build target for: C:\Users\Mowodis\Desktop\Studium\Semester_3\Theoretische Informatik 1\Übungen\Übung 8\Uebungsblatt-8\javaSorting.java
2022.12.17 14:23:33 WARN  no build target for: C:\Users\Mowodis\Desktop\Studium\Semester_3\Theoretische Informatik 1\Übungen\Übung 8\Uebungsblatt-8\javaSorting.java
2022.12.17 14:23:44 WARN  no build target for: C:\Users\Mowodis\Desktop\Studium\Semester_3\Theoretische Informatik 1\Übungen\Übung 8\Uebungsblatt-8\javaSorting.java
2022.12.17 14:24:56 WARN  no build target for: C:\Users\Mowodis\Desktop\Studium\Semester_3\Theoretische Informatik 1\Übungen\Übung 8\Uebungsblatt-8\javaSorting.java
2022.12.17 14:25:42 WARN  no build target for: C:\Users\Mowodis\Desktop\Studium\Semester_3\Theoretische Informatik 1\Übungen\Übung 8\Uebungsblatt-8\javaSorting.java
2022.12.17 14:26:02 WARN  no build target for: C:\Users\Mowodis\Desktop\Studium\Semester_3\Theoretische Informatik 1\Übungen\Übung 8\Uebungsblatt-8\javaSorting.java
2022.12.17 14:26:11 WARN  no build target for: C:\Users\Mowodis\Desktop\Studium\Semester_3\Theoretische Informatik 1\Übungen\Übung 8\Uebungsblatt-8\javaSorting.java
2022.12.17 14:26:23 WARN  no build target for: C:\Users\Mowodis\Desktop\Studium\Semester_3\Theoretische Informatik 1\Übungen\Übung 8\Uebungsblatt-8\javaSorting.java
Dez 17, 2022 2:26:39 PM org.eclipse.lsp4j.jsonrpc.RemoteEndpoint handleCancellation
WARNUNG: Unmatched cancel notification for request id 842
2022.12.17 14:27:52 WARN  no build target for: C:\Users\Mowodis\Desktop\Studium\Semester_3\Theoretische Informatik 1\Übungen\Übung 8\Uebungsblatt-8\javaSorting.java
2022.12.17 14:28:39 WARN  no build target for: C:\Users\Mowodis\Desktop\Studium\Semester_3\Theoretische Informatik 1\Übungen\Übung 8\Uebungsblatt-8\javaSorting.java
2022.12.17 14:29:00 WARN  no build target for: C:\Users\Mowodis\Desktop\Studium\Semester_3\Theoretische Informatik 1\Übungen\Übung 8\Uebungsblatt-8\javaSorting.java
Dez 17, 2022 2:29:34 PM org.eclipse.lsp4j.jsonrpc.RemoteEndpoint handleCancellation
WARNUNG: Unmatched cancel notification for request id 1100
2022.12.17 14:29:39 WARN  no build target for: C:\Users\Mowodis\Desktop\Studium\Semester_3\Theoretische Informatik 1\Übungen\Übung 8\Uebungsblatt-8\javaSorting.java
2022.12.17 14:30:34 WARN  no build target for: C:\Users\Mowodis\Desktop\Studium\Semester_3\Theoretische Informatik 1\Übungen\Übung 8\Uebungsblatt-8\javaSorting.java
2022.12.17 14:31:37 WARN  no build target for: C:\Users\Mowodis\Desktop\Studium\Semester_3\Theoretische Informatik 1\Übungen\Übung 8\Uebungsblatt-8\javaTesting.java
2022.12.17 14:31:52 WARN  no build target for: C:\Users\Mowodis\Desktop\Studium\Semester_3\Theoretische Informatik 1\Übungen\Übung 8\Uebungsblatt-8\javaTests.java
Dez 17, 2022 2:31:57 PM org.eclipse.lsp4j.jsonrpc.RemoteEndpoint fallbackResponseError
SCHWERWIEGEND: Internal error: java.lang.ArrayIndexOutOfBoundsException
java.util.concurrent.CompletionException: java.lang.ArrayIndexOutOfBoundsException
	at java.util.concurrent.CompletableFuture.encodeThrowable(Unknown Source)
	at java.util.concurrent.CompletableFuture.completeThrowable(Unknown Source)
	at java.util.concurrent.CompletableFuture.uniAccept(Unknown Source)
	at java.util.concurrent.CompletableFuture$UniAccept.tryFire(Unknown Source)
	at java.util.concurrent.CompletableFuture.postComplete(Unknown Source)
	at java.util.concurrent.CompletableFuture.completeExceptionally(Unknown Source)
	at scala.meta.internal.metals.CancelTokens$.$anonfun$future$1(CancelTokens.scala:40)
	at scala.meta.internal.metals.CancelTokens$.$anonfun$future$1$adapted(CancelTokens.scala:38)
	at scala.concurrent.impl.Promise$Transformation.run(Promise.scala:484)
	at java.util.concurrent.ThreadPoolExecutor.runWorker(Unknown Source)
	at java.util.concurrent.ThreadPoolExecutor$Worker.run(Unknown Source)
	at java.lang.Thread.run(Unknown Source)
Caused by: java.lang.ArrayIndexOutOfBoundsException
	at org.eclipse.jdt.internal.core.util.PublicScanner.getCurrentTokenSource(PublicScanner.java:496)
	at scala.meta.internal.parsing.JavaFoldingRangeExtractor.swallowUntilSemicolon$1(JavaFoldingRangeExtractor.scala:52)
	at scala.meta.internal.parsing.JavaFoldingRangeExtractor.gatherImportLines$1(JavaFoldingRangeExtractor.scala:76)
	at scala.meta.internal.parsing.JavaFoldingRangeExtractor.gather$1(JavaFoldingRangeExtractor.scala:123)
	at scala.meta.internal.parsing.JavaFoldingRangeExtractor.extract(JavaFoldingRangeExtractor.scala:155)
	at scala.meta.internal.parsing.FoldingRangeProvider.$anonfun$getRangedForJava$2(FoldingRangeProvider.scala:54)
	at scala.Option$WithFilter.map(Option.scala:242)
	at scala.meta.internal.parsing.FoldingRangeProvider.getRangedForJava(FoldingRangeProvider.scala:49)
	at scala.meta.internal.metals.MetalsLanguageServer.$anonfun$foldingRange$3(MetalsLanguageServer.scala:1760)
	at scala.concurrent.Future$.$anonfun$apply$1(Future.scala:678)
	at scala.concurrent.impl.Promise$Transformation.run(Promise.scala:467)
	... 3 more

Dez 17, 2022 2:31:58 PM org.eclipse.lsp4j.jsonrpc.RemoteEndpoint fallbackResponseError
SCHWERWIEGEND: Internal error: java.lang.ArrayIndexOutOfBoundsException
java.util.concurrent.CompletionException: java.lang.ArrayIndexOutOfBoundsException
	at java.util.concurrent.CompletableFuture.encodeThrowable(Unknown Source)
	at java.util.concurrent.CompletableFuture.completeThrowable(Unknown Source)
	at java.util.concurrent.CompletableFuture.uniAccept(Unknown Source)
	at java.util.concurrent.CompletableFuture$UniAccept.tryFire(Unknown Source)
	at java.util.concurrent.CompletableFuture.postComplete(Unknown Source)
	at java.util.concurrent.CompletableFuture.completeExceptionally(Unknown Source)
	at scala.meta.internal.metals.CancelTokens$.$anonfun$future$1(CancelTokens.scala:40)
	at scala.meta.internal.metals.CancelTokens$.$anonfun$future$1$adapted(CancelTokens.scala:38)
	at scala.concurrent.impl.Promise$Transformation.run(Promise.scala:484)
	at java.util.concurrent.ThreadPoolExecutor.runWorker(Unknown Source)
	at java.util.concurrent.ThreadPoolExecutor$Worker.run(Unknown Source)
	at java.lang.Thread.run(Unknown Source)
Caused by: java.lang.ArrayIndexOutOfBoundsException
	at org.eclipse.jdt.internal.core.util.PublicScanner.getCurrentTokenSource(PublicScanner.java:496)
	at scala.meta.internal.parsing.JavaFoldingRangeExtractor.swallowUntilSemicolon$1(JavaFoldingRangeExtractor.scala:52)
	at scala.meta.internal.parsing.JavaFoldingRangeExtractor.gatherImportLines$1(JavaFoldingRangeExtractor.scala:76)
	at scala.meta.internal.parsing.JavaFoldingRangeExtractor.gather$1(JavaFoldingRangeExtractor.scala:123)
	at scala.meta.internal.parsing.JavaFoldingRangeExtractor.extract(JavaFoldingRangeExtractor.scala:155)
	at scala.meta.internal.parsing.FoldingRangeProvider.$anonfun$getRangedForJava$2(FoldingRangeProvider.scala:54)
	at scala.Option$WithFilter.map(Option.scala:242)
	at scala.meta.internal.parsing.FoldingRangeProvider.getRangedForJava(FoldingRangeProvider.scala:49)
	at scala.meta.internal.metals.MetalsLanguageServer.$anonfun$foldingRange$3(MetalsLanguageServer.scala:1760)
	at scala.concurrent.Future$.$anonfun$apply$1(Future.scala:678)
	at scala.concurrent.impl.Promise$Transformation.run(Promise.scala:467)
	... 3 more

Dez 17, 2022 2:31:59 PM org.eclipse.lsp4j.jsonrpc.RemoteEndpoint fallbackResponseError
SCHWERWIEGEND: Internal error: java.lang.ArrayIndexOutOfBoundsException
java.util.concurrent.CompletionException: java.lang.ArrayIndexOutOfBoundsException
	at java.util.concurrent.CompletableFuture.encodeThrowable(Unknown Source)
	at java.util.concurrent.CompletableFuture.completeThrowable(Unknown Source)
	at java.util.concurrent.CompletableFuture.uniAccept(Unknown Source)
	at java.util.concurrent.CompletableFuture$UniAccept.tryFire(Unknown Source)
	at java.util.concurrent.CompletableFuture.postComplete(Unknown Source)
	at java.util.concurrent.CompletableFuture.completeExceptionally(Unknown Source)
	at scala.meta.internal.metals.CancelTokens$.$anonfun$future$1(CancelTokens.scala:40)
	at scala.meta.internal.metals.CancelTokens$.$anonfun$future$1$adapted(CancelTokens.scala:38)
	at scala.concurrent.impl.Promise$Transformation.run(Promise.scala:484)
	at java.util.concurrent.ThreadPoolExecutor.runWorker(Unknown Source)
	at java.util.concurrent.ThreadPoolExecutor$Worker.run(Unknown Source)
	at java.lang.Thread.run(Unknown Source)
Caused by: java.lang.ArrayIndexOutOfBoundsException
	at org.eclipse.jdt.internal.core.util.PublicScanner.getCurrentTokenSource(PublicScanner.java:496)
	at scala.meta.internal.parsing.JavaFoldingRangeExtractor.swallowUntilSemicolon$1(JavaFoldingRangeExtractor.scala:52)
	at scala.meta.internal.parsing.JavaFoldingRangeExtractor.gatherImportLines$1(JavaFoldingRangeExtractor.scala:76)
	at scala.meta.internal.parsing.JavaFoldingRangeExtractor.gather$1(JavaFoldingRangeExtractor.scala:123)
	at scala.meta.internal.parsing.JavaFoldingRangeExtractor.extract(JavaFoldingRangeExtractor.scala:155)
	at scala.meta.internal.parsing.FoldingRangeProvider.$anonfun$getRangedForJava$2(FoldingRangeProvider.scala:54)
	at scala.Option$WithFilter.map(Option.scala:242)
	at scala.meta.internal.parsing.FoldingRangeProvider.getRangedForJava(FoldingRangeProvider.scala:49)
	at scala.meta.internal.metals.MetalsLanguageServer.$anonfun$foldingRange$3(MetalsLanguageServer.scala:1760)
	at scala.concurrent.Future$.$anonfun$apply$1(Future.scala:678)
	at scala.concurrent.impl.Promise$Transformation.run(Promise.scala:467)
	... 3 more

Dez 17, 2022 2:32:00 PM org.eclipse.lsp4j.jsonrpc.RemoteEndpoint fallbackResponseError
SCHWERWIEGEND: Internal error: java.lang.ArrayIndexOutOfBoundsException
java.util.concurrent.CompletionException: java.lang.ArrayIndexOutOfBoundsException
	at java.util.concurrent.CompletableFuture.encodeThrowable(Unknown Source)
	at java.util.concurrent.CompletableFuture.completeThrowable(Unknown Source)
	at java.util.concurrent.CompletableFuture.uniAccept(Unknown Source)
	at java.util.concurrent.CompletableFuture$UniAccept.tryFire(Unknown Source)
	at java.util.concurrent.CompletableFuture.postComplete(Unknown Source)
	at java.util.concurrent.CompletableFuture.completeExceptionally(Unknown Source)
	at scala.meta.internal.metals.CancelTokens$.$anonfun$future$1(CancelTokens.scala:40)
	at scala.meta.internal.metals.CancelTokens$.$anonfun$future$1$adapted(CancelTokens.scala:38)
	at scala.concurrent.impl.Promise$Transformation.run(Promise.scala:484)
	at java.util.concurrent.ThreadPoolExecutor.runWorker(Unknown Source)
	at java.util.concurrent.ThreadPoolExecutor$Worker.run(Unknown Source)
	at java.lang.Thread.run(Unknown Source)
Caused by: java.lang.ArrayIndexOutOfBoundsException
	at org.eclipse.jdt.internal.core.util.PublicScanner.getCurrentTokenSource(PublicScanner.java:496)
	at scala.meta.internal.parsing.JavaFoldingRangeExtractor.swallowUntilSemicolon$1(JavaFoldingRangeExtractor.scala:52)
	at scala.meta.internal.parsing.JavaFoldingRangeExtractor.gatherImportLines$1(JavaFoldingRangeExtractor.scala:76)
	at scala.meta.internal.parsing.JavaFoldingRangeExtractor.gather$1(JavaFoldingRangeExtractor.scala:123)
	at scala.meta.internal.parsing.JavaFoldingRangeExtractor.extract(JavaFoldingRangeExtractor.scala:155)
	at scala.meta.internal.parsing.FoldingRangeProvider.$anonfun$getRangedForJava$2(FoldingRangeProvider.scala:54)
	at scala.Option$WithFilter.map(Option.scala:242)
	at scala.meta.internal.parsing.FoldingRangeProvider.getRangedForJava(FoldingRangeProvider.scala:49)
	at scala.meta.internal.metals.MetalsLanguageServer.$anonfun$foldingRange$3(MetalsLanguageServer.scala:1760)
	at scala.concurrent.Future$.$anonfun$apply$1(Future.scala:678)
	at scala.concurrent.impl.Promise$Transformation.run(Promise.scala:467)
	... 3 more

Dez 17, 2022 2:32:01 PM org.eclipse.lsp4j.jsonrpc.RemoteEndpoint fallbackResponseError
SCHWERWIEGEND: Internal error: java.lang.ArrayIndexOutOfBoundsException
java.util.concurrent.CompletionException: java.lang.ArrayIndexOutOfBoundsException
	at java.util.concurrent.CompletableFuture.encodeThrowable(Unknown Source)
	at java.util.concurrent.CompletableFuture.completeThrowable(Unknown Source)
	at java.util.concurrent.CompletableFuture.uniAccept(Unknown Source)
	at java.util.concurrent.CompletableFuture$UniAccept.tryFire(Unknown Source)
	at java.util.concurrent.CompletableFuture.postComplete(Unknown Source)
	at java.util.concurrent.CompletableFuture.completeExceptionally(Unknown Source)
	at scala.meta.internal.metals.CancelTokens$.$anonfun$future$1(CancelTokens.scala:40)
	at scala.meta.internal.metals.CancelTokens$.$anonfun$future$1$adapted(CancelTokens.scala:38)
	at scala.concurrent.impl.Promise$Transformation.run(Promise.scala:484)
	at java.util.concurrent.ThreadPoolExecutor.runWorker(Unknown Source)
	at java.util.concurrent.ThreadPoolExecutor$Worker.run(Unknown Source)
	at java.lang.Thread.run(Unknown Source)
Caused by: java.lang.ArrayIndexOutOfBoundsException
	at org.eclipse.jdt.internal.core.util.PublicScanner.getCurrentTokenSource(PublicScanner.java:496)
	at scala.meta.internal.parsing.JavaFoldingRangeExtractor.swallowUntilSemicolon$1(JavaFoldingRangeExtractor.scala:52)
	at scala.meta.internal.parsing.JavaFoldingRangeExtractor.gatherImportLines$1(JavaFoldingRangeExtractor.scala:76)
	at scala.meta.internal.parsing.JavaFoldingRangeExtractor.gather$1(JavaFoldingRangeExtractor.scala:123)
	at scala.meta.internal.parsing.JavaFoldingRangeExtractor.extract(JavaFoldingRangeExtractor.scala:155)
	at scala.meta.internal.parsing.FoldingRangeProvider.$anonfun$getRangedForJava$2(FoldingRangeProvider.scala:54)
	at scala.Option$WithFilter.map(Option.scala:242)
	at scala.meta.internal.parsing.FoldingRangeProvider.getRangedForJava(FoldingRangeProvider.scala:49)
	at scala.meta.internal.metals.MetalsLanguageServer.$anonfun$foldingRange$3(MetalsLanguageServer.scala:1760)
	at scala.concurrent.Future$.$anonfun$apply$1(Future.scala:678)
	at scala.concurrent.impl.Promise$Transformation.run(Promise.scala:467)
	... 3 more

Dez 17, 2022 2:32:01 PM org.eclipse.lsp4j.jsonrpc.RemoteEndpoint fallbackResponseError
SCHWERWIEGEND: Internal error: java.lang.ArrayIndexOutOfBoundsException
java.util.concurrent.CompletionException: java.lang.ArrayIndexOutOfBoundsException
	at java.util.concurrent.CompletableFuture.encodeThrowable(Unknown Source)
	at java.util.concurrent.CompletableFuture.completeThrowable(Unknown Source)
	at java.util.concurrent.CompletableFuture.uniAccept(Unknown Source)
	at java.util.concurrent.CompletableFuture$UniAccept.tryFire(Unknown Source)
	at java.util.concurrent.CompletableFuture.postComplete(Unknown Source)
	at java.util.concurrent.CompletableFuture.completeExceptionally(Unknown Source)
	at scala.meta.internal.metals.CancelTokens$.$anonfun$future$1(CancelTokens.scala:40)
	at scala.meta.internal.metals.CancelTokens$.$anonfun$future$1$adapted(CancelTokens.scala:38)
	at scala.concurrent.impl.Promise$Transformation.run(Promise.scala:484)
	at java.util.concurrent.ThreadPoolExecutor.runWorker(Unknown Source)
	at java.util.concurrent.ThreadPoolExecutor$Worker.run(Unknown Source)
	at java.lang.Thread.run(Unknown Source)
Caused by: java.lang.ArrayIndexOutOfBoundsException
	at org.eclipse.jdt.internal.core.util.PublicScanner.getCurrentTokenSource(PublicScanner.java:496)
	at scala.meta.internal.parsing.JavaFoldingRangeExtractor.swallowUntilSemicolon$1(JavaFoldingRangeExtractor.scala:52)
	at scala.meta.internal.parsing.JavaFoldingRangeExtractor.gatherImportLines$1(JavaFoldingRangeExtractor.scala:76)
	at scala.meta.internal.parsing.JavaFoldingRangeExtractor.gather$1(JavaFoldingRangeExtractor.scala:123)
	at scala.meta.internal.parsing.JavaFoldingRangeExtractor.extract(JavaFoldingRangeExtractor.scala:155)
	at scala.meta.internal.parsing.FoldingRangeProvider.$anonfun$getRangedForJava$2(FoldingRangeProvider.scala:54)
	at scala.Option$WithFilter.map(Option.scala:242)
	at scala.meta.internal.parsing.FoldingRangeProvider.getRangedForJava(FoldingRangeProvider.scala:49)
	at scala.meta.internal.metals.MetalsLanguageServer.$anonfun$foldingRange$3(MetalsLanguageServer.scala:1760)
	at scala.concurrent.Future$.$anonfun$apply$1(Future.scala:678)
	at scala.concurrent.impl.Promise$Transformation.run(Promise.scala:467)
	... 3 more

Dez 17, 2022 2:32:04 PM org.eclipse.lsp4j.jsonrpc.RemoteEndpoint fallbackResponseError
SCHWERWIEGEND: Internal error: java.lang.ArrayIndexOutOfBoundsException
java.util.concurrent.CompletionException: java.lang.ArrayIndexOutOfBoundsException
	at java.util.concurrent.CompletableFuture.encodeThrowable(Unknown Source)
	at java.util.concurrent.CompletableFuture.completeThrowable(Unknown Source)
	at java.util.concurrent.CompletableFuture.uniAccept(Unknown Source)
	at java.util.concurrent.CompletableFuture$UniAccept.tryFire(Unknown Source)
	at java.util.concurrent.CompletableFuture.postComplete(Unknown Source)
	at java.util.concurrent.CompletableFuture.completeExceptionally(Unknown Source)
	at scala.meta.internal.metals.CancelTokens$.$anonfun$future$1(CancelTokens.scala:40)
	at scala.meta.internal.metals.CancelTokens$.$anonfun$future$1$adapted(CancelTokens.scala:38)
	at scala.concurrent.impl.Promise$Transformation.run(Promise.scala:484)
	at java.util.concurrent.ThreadPoolExecutor.runWorker(Unknown Source)
	at java.util.concurrent.ThreadPoolExecutor$Worker.run(Unknown Source)
	at java.lang.Thread.run(Unknown Source)
Caused by: java.lang.ArrayIndexOutOfBoundsException
	at org.eclipse.jdt.internal.core.util.PublicScanner.getCurrentTokenSource(PublicScanner.java:496)
	at scala.meta.internal.parsing.JavaFoldingRangeExtractor.swallowUntilSemicolon$1(JavaFoldingRangeExtractor.scala:52)
	at scala.meta.internal.parsing.JavaFoldingRangeExtractor.gatherImportLines$1(JavaFoldingRangeExtractor.scala:76)
	at scala.meta.internal.parsing.JavaFoldingRangeExtractor.gather$1(JavaFoldingRangeExtractor.scala:123)
	at scala.meta.internal.parsing.JavaFoldingRangeExtractor.extract(JavaFoldingRangeExtractor.scala:155)
	at scala.meta.internal.parsing.FoldingRangeProvider.$anonfun$getRangedForJava$2(FoldingRangeProvider.scala:54)
	at scala.Option$WithFilter.map(Option.scala:242)
	at scala.meta.internal.parsing.FoldingRangeProvider.getRangedForJava(FoldingRangeProvider.scala:49)
	at scala.meta.internal.metals.MetalsLanguageServer.$anonfun$foldingRange$3(MetalsLanguageServer.scala:1760)
	at scala.concurrent.Future$.$anonfun$apply$1(Future.scala:678)
	at scala.concurrent.impl.Promise$Transformation.run(Promise.scala:467)
	... 3 more

Dez 17, 2022 2:32:04 PM org.eclipse.lsp4j.jsonrpc.RemoteEndpoint fallbackResponseError
SCHWERWIEGEND: Internal error: java.lang.ArrayIndexOutOfBoundsException
java.util.concurrent.CompletionException: java.lang.ArrayIndexOutOfBoundsException
	at java.util.concurrent.CompletableFuture.encodeThrowable(Unknown Source)
	at java.util.concurrent.CompletableFuture.completeThrowable(Unknown Source)
	at java.util.concurrent.CompletableFuture.uniAccept(Unknown Source)
	at java.util.concurrent.CompletableFuture$UniAccept.tryFire(Unknown Source)
	at java.util.concurrent.CompletableFuture.postComplete(Unknown Source)
	at java.util.concurrent.CompletableFuture.completeExceptionally(Unknown Source)
	at scala.meta.internal.metals.CancelTokens$.$anonfun$future$1(CancelTokens.scala:40)
	at scala.meta.internal.metals.CancelTokens$.$anonfun$future$1$adapted(CancelTokens.scala:38)
	at scala.concurrent.impl.Promise$Transformation.run(Promise.scala:484)
	at java.util.concurrent.ThreadPoolExecutor.runWorker(Unknown Source)
	at java.util.concurrent.ThreadPoolExecutor$Worker.run(Unknown Source)
	at java.lang.Thread.run(Unknown Source)
Caused by: java.lang.ArrayIndexOutOfBoundsException
	at org.eclipse.jdt.internal.core.util.PublicScanner.getCurrentTokenSource(PublicScanner.java:496)
	at scala.meta.internal.parsing.JavaFoldingRangeExtractor.swallowUntilSemicolon$1(JavaFoldingRangeExtractor.scala:52)
	at scala.meta.internal.parsing.JavaFoldingRangeExtractor.gatherImportLines$1(JavaFoldingRangeExtractor.scala:76)
	at scala.meta.internal.parsing.JavaFoldingRangeExtractor.gather$1(JavaFoldingRangeExtractor.scala:123)
	at scala.meta.internal.parsing.JavaFoldingRangeExtractor.extract(JavaFoldingRangeExtractor.scala:155)
	at scala.meta.internal.parsing.FoldingRangeProvider.$anonfun$getRangedForJava$2(FoldingRangeProvider.scala:54)
	at scala.Option$WithFilter.map(Option.scala:242)
	at scala.meta.internal.parsing.FoldingRangeProvider.getRangedForJava(FoldingRangeProvider.scala:49)
	at scala.meta.internal.metals.MetalsLanguageServer.$anonfun$foldingRange$3(MetalsLanguageServer.scala:1760)
	at scala.concurrent.Future$.$anonfun$apply$1(Future.scala:678)
	at scala.concurrent.impl.Promise$Transformation.run(Promise.scala:467)
	... 3 more

Dez 17, 2022 2:32:05 PM org.eclipse.lsp4j.jsonrpc.RemoteEndpoint fallbackResponseError
SCHWERWIEGEND: Internal error: java.lang.ArrayIndexOutOfBoundsException
java.util.concurrent.CompletionException: java.lang.ArrayIndexOutOfBoundsException
	at java.util.concurrent.CompletableFuture.encodeThrowable(Unknown Source)
	at java.util.concurrent.CompletableFuture.completeThrowable(Unknown Source)
	at java.util.concurrent.CompletableFuture.uniAccept(Unknown Source)
	at java.util.concurrent.CompletableFuture$UniAccept.tryFire(Unknown Source)
	at java.util.concurrent.CompletableFuture.postComplete(Unknown Source)
	at java.util.concurrent.CompletableFuture.completeExceptionally(Unknown Source)
	at scala.meta.internal.metals.CancelTokens$.$anonfun$future$1(CancelTokens.scala:40)
	at scala.meta.internal.metals.CancelTokens$.$anonfun$future$1$adapted(CancelTokens.scala:38)
	at scala.concurrent.impl.Promise$Transformation.run(Promise.scala:484)
	at java.util.concurrent.ThreadPoolExecutor.runWorker(Unknown Source)
	at java.util.concurrent.ThreadPoolExecutor$Worker.run(Unknown Source)
	at java.lang.Thread.run(Unknown Source)
Caused by: java.lang.ArrayIndexOutOfBoundsException
	at org.eclipse.jdt.internal.core.util.PublicScanner.getCurrentTokenSource(PublicScanner.java:496)
	at scala.meta.internal.parsing.JavaFoldingRangeExtractor.swallowUntilSemicolon$1(JavaFoldingRangeExtractor.scala:52)
	at scala.meta.internal.parsing.JavaFoldingRangeExtractor.gatherImportLines$1(JavaFoldingRangeExtractor.scala:76)
	at scala.meta.internal.parsing.JavaFoldingRangeExtractor.gather$1(JavaFoldingRangeExtractor.scala:123)
	at scala.meta.internal.parsing.JavaFoldingRangeExtractor.extract(JavaFoldingRangeExtractor.scala:155)
	at scala.meta.internal.parsing.FoldingRangeProvider.$anonfun$getRangedForJava$2(FoldingRangeProvider.scala:54)
	at scala.Option$WithFilter.map(Option.scala:242)
	at scala.meta.internal.parsing.FoldingRangeProvider.getRangedForJava(FoldingRangeProvider.scala:49)
	at scala.meta.internal.metals.MetalsLanguageServer.$anonfun$foldingRange$3(MetalsLanguageServer.scala:1760)
	at scala.concurrent.Future$.$anonfun$apply$1(Future.scala:678)
	at scala.concurrent.impl.Promise$Transformation.run(Promise.scala:467)
	... 3 more

Dez 17, 2022 2:32:06 PM org.eclipse.lsp4j.jsonrpc.RemoteEndpoint fallbackResponseError
SCHWERWIEGEND: Internal error: java.lang.ArrayIndexOutOfBoundsException
java.util.concurrent.CompletionException: java.lang.ArrayIndexOutOfBoundsException
	at java.util.concurrent.CompletableFuture.encodeThrowable(Unknown Source)
	at java.util.concurrent.CompletableFuture.completeThrowable(Unknown Source)
	at java.util.concurrent.CompletableFuture.uniAccept(Unknown Source)
	at java.util.concurrent.CompletableFuture$UniAccept.tryFire(Unknown Source)
	at java.util.concurrent.CompletableFuture.postComplete(Unknown Source)
	at java.util.concurrent.CompletableFuture.completeExceptionally(Unknown Source)
	at scala.meta.internal.metals.CancelTokens$.$anonfun$future$1(CancelTokens.scala:40)
	at scala.meta.internal.metals.CancelTokens$.$anonfun$future$1$adapted(CancelTokens.scala:38)
	at scala.concurrent.impl.Promise$Transformation.run(Promise.scala:484)
	at java.util.concurrent.ThreadPoolExecutor.runWorker(Unknown Source)
	at java.util.concurrent.ThreadPoolExecutor$Worker.run(Unknown Source)
	at java.lang.Thread.run(Unknown Source)
Caused by: java.lang.ArrayIndexOutOfBoundsException
	at org.eclipse.jdt.internal.core.util.PublicScanner.getCurrentTokenSource(PublicScanner.java:496)
	at scala.meta.internal.parsing.JavaFoldingRangeExtractor.swallowUntilSemicolon$1(JavaFoldingRangeExtractor.scala:52)
	at scala.meta.internal.parsing.JavaFoldingRangeExtractor.gatherImportLines$1(JavaFoldingRangeExtractor.scala:76)
	at scala.meta.internal.parsing.JavaFoldingRangeExtractor.gather$1(JavaFoldingRangeExtractor.scala:123)
	at scala.meta.internal.parsing.JavaFoldingRangeExtractor.extract(JavaFoldingRangeExtractor.scala:155)
	at scala.meta.internal.parsing.FoldingRangeProvider.$anonfun$getRangedForJava$2(FoldingRangeProvider.scala:54)
	at scala.Option$WithFilter.map(Option.scala:242)
	at scala.meta.internal.parsing.FoldingRangeProvider.getRangedForJava(FoldingRangeProvider.scala:49)
	at scala.meta.internal.metals.MetalsLanguageServer.$anonfun$foldingRange$3(MetalsLanguageServer.scala:1760)
	at scala.concurrent.Future$.$anonfun$apply$1(Future.scala:678)
	at scala.concurrent.impl.Promise$Transformation.run(Promise.scala:467)
	... 3 more

Dez 17, 2022 2:32:07 PM org.eclipse.lsp4j.jsonrpc.RemoteEndpoint fallbackResponseError
SCHWERWIEGEND: Internal error: java.lang.ArrayIndexOutOfBoundsException
java.util.concurrent.CompletionException: java.lang.ArrayIndexOutOfBoundsException
	at java.util.concurrent.CompletableFuture.encodeThrowable(Unknown Source)
	at java.util.concurrent.CompletableFuture.completeThrowable(Unknown Source)
	at java.util.concurrent.CompletableFuture.uniAccept(Unknown Source)
	at java.util.concurrent.CompletableFuture$UniAccept.tryFire(Unknown Source)
	at java.util.concurrent.CompletableFuture.postComplete(Unknown Source)
	at java.util.concurrent.CompletableFuture.completeExceptionally(Unknown Source)
	at scala.meta.internal.metals.CancelTokens$.$anonfun$future$1(CancelTokens.scala:40)
	at scala.meta.internal.metals.CancelTokens$.$anonfun$future$1$adapted(CancelTokens.scala:38)
	at scala.concurrent.impl.Promise$Transformation.run(Promise.scala:484)
	at java.util.concurrent.ThreadPoolExecutor.runWorker(Unknown Source)
	at java.util.concurrent.ThreadPoolExecutor$Worker.run(Unknown Source)
	at java.lang.Thread.run(Unknown Source)
Caused by: java.lang.ArrayIndexOutOfBoundsException
	at org.eclipse.jdt.internal.core.util.PublicScanner.getRawTokenSource(PublicScanner.java:597)
	at scala.meta.internal.parsing.JavaFoldingRangeExtractor.gatherImportLines$1(JavaFoldingRangeExtractor.scala:73)
	at scala.meta.internal.parsing.JavaFoldingRangeExtractor.gather$1(JavaFoldingRangeExtractor.scala:123)
	at scala.meta.internal.parsing.JavaFoldingRangeExtractor.extract(JavaFoldingRangeExtractor.scala:155)
	at scala.meta.internal.parsing.FoldingRangeProvider.$anonfun$getRangedForJava$2(FoldingRangeProvider.scala:54)
	at scala.Option$WithFilter.map(Option.scala:242)
	at scala.meta.internal.parsing.FoldingRangeProvider.getRangedForJava(FoldingRangeProvider.scala:49)
	at scala.meta.internal.metals.MetalsLanguageServer.$anonfun$foldingRange$3(MetalsLanguageServer.scala:1760)
	at scala.concurrent.Future$.$anonfun$apply$1(Future.scala:678)
	at scala.concurrent.impl.Promise$Transformation.run(Promise.scala:467)
	... 3 more

Dez 17, 2022 2:32:18 PM org.eclipse.lsp4j.jsonrpc.RemoteEndpoint fallbackResponseError
SCHWERWIEGEND: Internal error: java.lang.ArrayIndexOutOfBoundsException
java.util.concurrent.CompletionException: java.lang.ArrayIndexOutOfBoundsException
	at java.util.concurrent.CompletableFuture.encodeThrowable(Unknown Source)
	at java.util.concurrent.CompletableFuture.completeThrowable(Unknown Source)
	at java.util.concurrent.CompletableFuture.uniAccept(Unknown Source)
	at java.util.concurrent.CompletableFuture$UniAccept.tryFire(Unknown Source)
	at java.util.concurrent.CompletableFuture.postComplete(Unknown Source)
	at java.util.concurrent.CompletableFuture.completeExceptionally(Unknown Source)
	at scala.meta.internal.metals.CancelTokens$.$anonfun$future$1(CancelTokens.scala:40)
	at scala.meta.internal.metals.CancelTokens$.$anonfun$future$1$adapted(CancelTokens.scala:38)
	at scala.concurrent.impl.Promise$Transformation.run(Promise.scala:484)
	at java.util.concurrent.ThreadPoolExecutor.runWorker(Unknown Source)
	at java.util.concurrent.ThreadPoolExecutor$Worker.run(Unknown Source)
	at java.lang.Thread.run(Unknown Source)
Caused by: java.lang.ArrayIndexOutOfBoundsException
	at org.eclipse.jdt.internal.core.util.PublicScanner.getRawTokenSource(PublicScanner.java:597)
	at scala.meta.internal.parsing.JavaFoldingRangeExtractor.gatherImportLines$1(JavaFoldingRangeExtractor.scala:73)
	at scala.meta.internal.parsing.JavaFoldingRangeExtractor.gather$1(JavaFoldingRangeExtractor.scala:123)
	at scala.meta.internal.parsing.JavaFoldingRangeExtractor.extract(JavaFoldingRangeExtractor.scala:155)
	at scala.meta.internal.parsing.FoldingRangeProvider.$anonfun$getRangedForJava$2(FoldingRangeProvider.scala:54)
	at scala.Option$WithFilter.map(Option.scala:242)
	at scala.meta.internal.parsing.FoldingRangeProvider.getRangedForJava(FoldingRangeProvider.scala:49)
	at scala.meta.internal.metals.MetalsLanguageServer.$anonfun$foldingRange$3(MetalsLanguageServer.scala:1760)
	at scala.concurrent.Future$.$anonfun$apply$1(Future.scala:678)
	at scala.concurrent.impl.Promise$Transformation.run(Promise.scala:467)
	... 3 more

Dez 17, 2022 2:32:27 PM org.eclipse.lsp4j.jsonrpc.RemoteEndpoint fallbackResponseError
SCHWERWIEGEND: Internal error: java.lang.ArrayIndexOutOfBoundsException
java.util.concurrent.CompletionException: java.lang.ArrayIndexOutOfBoundsException
	at java.util.concurrent.CompletableFuture.encodeThrowable(Unknown Source)
	at java.util.concurrent.CompletableFuture.completeThrowable(Unknown Source)
	at java.util.concurrent.CompletableFuture.uniAccept(Unknown Source)
	at java.util.concurrent.CompletableFuture$UniAccept.tryFire(Unknown Source)
	at java.util.concurrent.CompletableFuture.postComplete(Unknown Source)
	at java.util.concurrent.CompletableFuture.completeExceptionally(Unknown Source)
	at scala.meta.internal.metals.CancelTokens$.$anonfun$future$1(CancelTokens.scala:40)
	at scala.meta.internal.metals.CancelTokens$.$anonfun$future$1$adapted(CancelTokens.scala:38)
	at scala.concurrent.impl.Promise$Transformation.run(Promise.scala:484)
	at java.util.concurrent.ThreadPoolExecutor.runWorker(Unknown Source)
	at java.util.concurrent.ThreadPoolExecutor$Worker.run(Unknown Source)
	at java.lang.Thread.run(Unknown Source)
Caused by: java.lang.ArrayIndexOutOfBoundsException
	at org.eclipse.jdt.internal.core.util.PublicScanner.getRawTokenSource(PublicScanner.java:597)
	at scala.meta.internal.parsing.JavaFoldingRangeExtractor.gatherImportLines$1(JavaFoldingRangeExtractor.scala:73)
	at scala.meta.internal.parsing.JavaFoldingRangeExtractor.gather$1(JavaFoldingRangeExtractor.scala:123)
	at scala.meta.internal.parsing.JavaFoldingRangeExtractor.extract(JavaFoldingRangeExtractor.scala:155)
	at scala.meta.internal.parsing.FoldingRangeProvider.$anonfun$getRangedForJava$2(FoldingRangeProvider.scala:54)
	at scala.Option$WithFilter.map(Option.scala:242)
	at scala.meta.internal.parsing.FoldingRangeProvider.getRangedForJava(FoldingRangeProvider.scala:49)
	at scala.meta.internal.metals.MetalsLanguageServer.$anonfun$foldingRange$3(MetalsLanguageServer.scala:1760)
	at scala.concurrent.Future$.$anonfun$apply$1(Future.scala:678)
	at scala.concurrent.impl.Promise$Transformation.run(Promise.scala:467)
	... 3 more

Dez 17, 2022 2:32:29 PM org.eclipse.lsp4j.jsonrpc.RemoteEndpoint fallbackResponseError
SCHWERWIEGEND: Internal error: java.lang.ArrayIndexOutOfBoundsException
java.util.concurrent.CompletionException: java.lang.ArrayIndexOutOfBoundsException
	at java.util.concurrent.CompletableFuture.encodeThrowable(Unknown Source)
	at java.util.concurrent.CompletableFuture.completeThrowable(Unknown Source)
	at java.util.concurrent.CompletableFuture.uniAccept(Unknown Source)
	at java.util.concurrent.CompletableFuture$UniAccept.tryFire(Unknown Source)
	at java.util.concurrent.CompletableFuture.postComplete(Unknown Source)
	at java.util.concurrent.CompletableFuture.completeExceptionally(Unknown Source)
	at scala.meta.internal.metals.CancelTokens$.$anonfun$future$1(CancelTokens.scala:40)
	at scala.meta.internal.metals.CancelTokens$.$anonfun$future$1$adapted(CancelTokens.scala:38)
	at scala.concurrent.impl.Promise$Transformation.run(Promise.scala:484)
	at java.util.concurrent.ThreadPoolExecutor.runWorker(Unknown Source)
	at java.util.concurrent.ThreadPoolExecutor$Worker.run(Unknown Source)
	at java.lang.Thread.run(Unknown Source)
Caused by: java.lang.ArrayIndexOutOfBoundsException
	at org.eclipse.jdt.internal.core.util.PublicScanner.getRawTokenSource(PublicScanner.java:597)
	at scala.meta.internal.parsing.JavaFoldingRangeExtractor.gatherImportLines$1(JavaFoldingRangeExtractor.scala:73)
	at scala.meta.internal.parsing.JavaFoldingRangeExtractor.gather$1(JavaFoldingRangeExtractor.scala:123)
	at scala.meta.internal.parsing.JavaFoldingRangeExtractor.extract(JavaFoldingRangeExtractor.scala:155)
	at scala.meta.internal.parsing.FoldingRangeProvider.$anonfun$getRangedForJava$2(FoldingRangeProvider.scala:54)
	at scala.Option$WithFilter.map(Option.scala:242)
	at scala.meta.internal.parsing.FoldingRangeProvider.getRangedForJava(FoldingRangeProvider.scala:49)
	at scala.meta.internal.metals.MetalsLanguageServer.$anonfun$foldingRange$3(MetalsLanguageServer.scala:1760)
	at scala.concurrent.Future$.$anonfun$apply$1(Future.scala:678)
	at scala.concurrent.impl.Promise$Transformation.run(Promise.scala:467)
	... 3 more

Dez 17, 2022 2:32:32 PM org.eclipse.lsp4j.jsonrpc.RemoteEndpoint fallbackResponseError
SCHWERWIEGEND: Internal error: java.lang.ArrayIndexOutOfBoundsException
java.util.concurrent.CompletionException: java.lang.ArrayIndexOutOfBoundsException
	at java.util.concurrent.CompletableFuture.encodeThrowable(Unknown Source)
	at java.util.concurrent.CompletableFuture.completeThrowable(Unknown Source)
	at java.util.concurrent.CompletableFuture.uniAccept(Unknown Source)
	at java.util.concurrent.CompletableFuture$UniAccept.tryFire(Unknown Source)
	at java.util.concurrent.CompletableFuture.postComplete(Unknown Source)
	at java.util.concurrent.CompletableFuture.completeExceptionally(Unknown Source)
	at scala.meta.internal.metals.CancelTokens$.$anonfun$future$1(CancelTokens.scala:40)
	at scala.meta.internal.metals.CancelTokens$.$anonfun$future$1$adapted(CancelTokens.scala:38)
	at scala.concurrent.impl.Promise$Transformation.run(Promise.scala:484)
	at java.util.concurrent.ThreadPoolExecutor.runWorker(Unknown Source)
	at java.util.concurrent.ThreadPoolExecutor$Worker.run(Unknown Source)
	at java.lang.Thread.run(Unknown Source)
Caused by: java.lang.ArrayIndexOutOfBoundsException
	at org.eclipse.jdt.internal.core.util.PublicScanner.getRawTokenSource(PublicScanner.java:597)
	at scala.meta.internal.parsing.JavaFoldingRangeExtractor.gatherImportLines$1(JavaFoldingRangeExtractor.scala:73)
	at scala.meta.internal.parsing.JavaFoldingRangeExtractor.gather$1(JavaFoldingRangeExtractor.scala:123)
	at scala.meta.internal.parsing.JavaFoldingRangeExtractor.extract(JavaFoldingRangeExtractor.scala:155)
	at scala.meta.internal.parsing.FoldingRangeProvider.$anonfun$getRangedForJava$2(FoldingRangeProvider.scala:54)
	at scala.Option$WithFilter.map(Option.scala:242)
	at scala.meta.internal.parsing.FoldingRangeProvider.getRangedForJava(FoldingRangeProvider.scala:49)
	at scala.meta.internal.metals.MetalsLanguageServer.$anonfun$foldingRange$3(MetalsLanguageServer.scala:1760)
	at scala.concurrent.Future$.$anonfun$apply$1(Future.scala:678)
	at scala.concurrent.impl.Promise$Transformation.run(Promise.scala:467)
	... 3 more

Dez 17, 2022 2:32:33 PM org.eclipse.lsp4j.jsonrpc.RemoteEndpoint fallbackResponseError
SCHWERWIEGEND: Internal error: java.lang.ArrayIndexOutOfBoundsException
java.util.concurrent.CompletionException: java.lang.ArrayIndexOutOfBoundsException
	at java.util.concurrent.CompletableFuture.encodeThrowable(Unknown Source)
	at java.util.concurrent.CompletableFuture.completeThrowable(Unknown Source)
	at java.util.concurrent.CompletableFuture.uniAccept(Unknown Source)
	at java.util.concurrent.CompletableFuture$UniAccept.tryFire(Unknown Source)
	at java.util.concurrent.CompletableFuture.postComplete(Unknown Source)
	at java.util.concurrent.CompletableFuture.completeExceptionally(Unknown Source)
	at scala.meta.internal.metals.CancelTokens$.$anonfun$future$1(CancelTokens.scala:40)
	at scala.meta.internal.metals.CancelTokens$.$anonfun$future$1$adapted(CancelTokens.scala:38)
	at scala.concurrent.impl.Promise$Transformation.run(Promise.scala:484)
	at java.util.concurrent.ThreadPoolExecutor.runWorker(Unknown Source)
	at java.util.concurrent.ThreadPoolExecutor$Worker.run(Unknown Source)
	at java.lang.Thread.run(Unknown Source)
Caused by: java.lang.ArrayIndexOutOfBoundsException
	at org.eclipse.jdt.internal.core.util.PublicScanner.getRawTokenSource(PublicScanner.java:597)
	at scala.meta.internal.parsing.JavaFoldingRangeExtractor.gatherImportLines$1(JavaFoldingRangeExtractor.scala:73)
	at scala.meta.internal.parsing.JavaFoldingRangeExtractor.gather$1(JavaFoldingRangeExtractor.scala:123)
	at scala.meta.internal.parsing.JavaFoldingRangeExtractor.extract(JavaFoldingRangeExtractor.scala:155)
	at scala.meta.internal.parsing.FoldingRangeProvider.$anonfun$getRangedForJava$2(FoldingRangeProvider.scala:54)
	at scala.Option$WithFilter.map(Option.scala:242)
	at scala.meta.internal.parsing.FoldingRangeProvider.getRangedForJava(FoldingRangeProvider.scala:49)
	at scala.meta.internal.metals.MetalsLanguageServer.$anonfun$foldingRange$3(MetalsLanguageServer.scala:1760)
	at scala.concurrent.Future$.$anonfun$apply$1(Future.scala:678)
	at scala.concurrent.impl.Promise$Transformation.run(Promise.scala:467)
	... 3 more

Dez 17, 2022 2:32:34 PM org.eclipse.lsp4j.jsonrpc.RemoteEndpoint fallbackResponseError
SCHWERWIEGEND: Internal error: java.lang.ArrayIndexOutOfBoundsException
java.util.concurrent.CompletionException: java.lang.ArrayIndexOutOfBoundsException
	at java.util.concurrent.CompletableFuture.encodeThrowable(Unknown Source)
	at java.util.concurrent.CompletableFuture.completeThrowable(Unknown Source)
	at java.util.concurrent.CompletableFuture.uniAccept(Unknown Source)
	at java.util.concurrent.CompletableFuture$UniAccept.tryFire(Unknown Source)
	at java.util.concurrent.CompletableFuture.postComplete(Unknown Source)
	at java.util.concurrent.CompletableFuture.completeExceptionally(Unknown Source)
	at scala.meta.internal.metals.CancelTokens$.$anonfun$future$1(CancelTokens.scala:40)
	at scala.meta.internal.metals.CancelTokens$.$anonfun$future$1$adapted(CancelTokens.scala:38)
	at scala.concurrent.impl.Promise$Transformation.run(Promise.scala:484)
	at java.util.concurrent.ThreadPoolExecutor.runWorker(Unknown Source)
	at java.util.concurrent.ThreadPoolExecutor$Worker.run(Unknown Source)
	at java.lang.Thread.run(Unknown Source)
Caused by: java.lang.ArrayIndexOutOfBoundsException
	at org.eclipse.jdt.internal.core.util.PublicScanner.getRawTokenSource(PublicScanner.java:597)
	at scala.meta.internal.parsing.JavaFoldingRangeExtractor.gatherImportLines$1(JavaFoldingRangeExtractor.scala:73)
	at scala.meta.internal.parsing.JavaFoldingRangeExtractor.gather$1(JavaFoldingRangeExtractor.scala:123)
	at scala.meta.internal.parsing.JavaFoldingRangeExtractor.extract(JavaFoldingRangeExtractor.scala:155)
	at scala.meta.internal.parsing.FoldingRangeProvider.$anonfun$getRangedForJava$2(FoldingRangeProvider.scala:54)
	at scala.Option$WithFilter.map(Option.scala:242)
	at scala.meta.internal.parsing.FoldingRangeProvider.getRangedForJava(FoldingRangeProvider.scala:49)
	at scala.meta.internal.metals.MetalsLanguageServer.$anonfun$foldingRange$3(MetalsLanguageServer.scala:1760)
	at scala.concurrent.Future$.$anonfun$apply$1(Future.scala:678)
	at scala.concurrent.impl.Promise$Transformation.run(Promise.scala:467)
	... 3 more

Dez 17, 2022 2:32:34 PM org.eclipse.lsp4j.jsonrpc.RemoteEndpoint fallbackResponseError
SCHWERWIEGEND: Internal error: java.lang.ArrayIndexOutOfBoundsException
java.util.concurrent.CompletionException: java.lang.ArrayIndexOutOfBoundsException
	at java.util.concurrent.CompletableFuture.encodeThrowable(Unknown Source)
	at java.util.concurrent.CompletableFuture.completeThrowable(Unknown Source)
	at java.util.concurrent.CompletableFuture.uniAccept(Unknown Source)
	at java.util.concurrent.CompletableFuture$UniAccept.tryFire(Unknown Source)
	at java.util.concurrent.CompletableFuture.postComplete(Unknown Source)
	at java.util.concurrent.CompletableFuture.completeExceptionally(Unknown Source)
	at scala.meta.internal.metals.CancelTokens$.$anonfun$future$1(CancelTokens.scala:40)
	at scala.meta.internal.metals.CancelTokens$.$anonfun$future$1$adapted(CancelTokens.scala:38)
	at scala.concurrent.impl.Promise$Transformation.run(Promise.scala:484)
	at java.util.concurrent.ThreadPoolExecutor.runWorker(Unknown Source)
	at java.util.concurrent.ThreadPoolExecutor$Worker.run(Unknown Source)
	at java.lang.Thread.run(Unknown Source)
Caused by: java.lang.ArrayIndexOutOfBoundsException
	at org.eclipse.jdt.internal.core.util.PublicScanner.getRawTokenSource(PublicScanner.java:597)
	at scala.meta.internal.parsing.JavaFoldingRangeExtractor.gatherImportLines$1(JavaFoldingRangeExtractor.scala:73)
	at scala.meta.internal.parsing.JavaFoldingRangeExtractor.gather$1(JavaFoldingRangeExtractor.scala:123)
	at scala.meta.internal.parsing.JavaFoldingRangeExtractor.extract(JavaFoldingRangeExtractor.scala:155)
	at scala.meta.internal.parsing.FoldingRangeProvider.$anonfun$getRangedForJava$2(FoldingRangeProvider.scala:54)
	at scala.Option$WithFilter.map(Option.scala:242)
	at scala.meta.internal.parsing.FoldingRangeProvider.getRangedForJava(FoldingRangeProvider.scala:49)
	at scala.meta.internal.metals.MetalsLanguageServer.$anonfun$foldingRange$3(MetalsLanguageServer.scala:1760)
	at scala.concurrent.Future$.$anonfun$apply$1(Future.scala:678)
	at scala.concurrent.impl.Promise$Transformation.run(Promise.scala:467)
	... 3 more

Dez 17, 2022 2:32:35 PM org.eclipse.lsp4j.jsonrpc.RemoteEndpoint handleCancellation
WARNUNG: Unmatched cancel notification for request id 1273
Dez 17, 2022 2:32:35 PM org.eclipse.lsp4j.jsonrpc.RemoteEndpoint fallbackResponseError
SCHWERWIEGEND: Internal error: java.lang.ArrayIndexOutOfBoundsException
java.util.concurrent.CompletionException: java.lang.ArrayIndexOutOfBoundsException
	at java.util.concurrent.CompletableFuture.encodeThrowable(Unknown Source)
	at java.util.concurrent.CompletableFuture.completeThrowable(Unknown Source)
	at java.util.concurrent.CompletableFuture.uniAccept(Unknown Source)
	at java.util.concurrent.CompletableFuture$UniAccept.tryFire(Unknown Source)
	at java.util.concurrent.CompletableFuture.postComplete(Unknown Source)
	at java.util.concurrent.CompletableFuture.completeExceptionally(Unknown Source)
	at scala.meta.internal.metals.CancelTokens$.$anonfun$future$1(CancelTokens.scala:40)
	at scala.meta.internal.metals.CancelTokens$.$anonfun$future$1$adapted(CancelTokens.scala:38)
	at scala.concurrent.impl.Promise$Transformation.run(Promise.scala:484)
	at java.util.concurrent.ThreadPoolExecutor.runWorker(Unknown Source)
	at java.util.concurrent.ThreadPoolExecutor$Worker.run(Unknown Source)
	at java.lang.Thread.run(Unknown Source)
Caused by: java.lang.ArrayIndexOutOfBoundsException
	at org.eclipse.jdt.internal.core.util.PublicScanner.getRawTokenSource(PublicScanner.java:597)
	at scala.meta.internal.parsing.JavaFoldingRangeExtractor.gatherImportLines$1(JavaFoldingRangeExtractor.scala:73)
	at scala.meta.internal.parsing.JavaFoldingRangeExtractor.gather$1(JavaFoldingRangeExtractor.scala:123)
	at scala.meta.internal.parsing.JavaFoldingRangeExtractor.extract(JavaFoldingRangeExtractor.scala:155)
	at scala.meta.internal.parsing.FoldingRangeProvider.$anonfun$getRangedForJava$2(FoldingRangeProvider.scala:54)
	at scala.Option$WithFilter.map(Option.scala:242)
	at scala.meta.internal.parsing.FoldingRangeProvider.getRangedForJava(FoldingRangeProvider.scala:49)
	at scala.meta.internal.metals.MetalsLanguageServer.$anonfun$foldingRange$3(MetalsLanguageServer.scala:1760)
	at scala.concurrent.Future$.$anonfun$apply$1(Future.scala:678)
	at scala.concurrent.impl.Promise$Transformation.run(Promise.scala:467)
	... 3 more

Dez 17, 2022 2:32:35 PM org.eclipse.lsp4j.jsonrpc.RemoteEndpoint fallbackResponseError
SCHWERWIEGEND: Internal error: java.lang.ArrayIndexOutOfBoundsException
java.util.concurrent.CompletionException: java.lang.ArrayIndexOutOfBoundsException
	at java.util.concurrent.CompletableFuture.encodeThrowable(Unknown Source)
	at java.util.concurrent.CompletableFuture.completeThrowable(Unknown Source)
	at java.util.concurrent.CompletableFuture.uniAccept(Unknown Source)
	at java.util.concurrent.CompletableFuture$UniAccept.tryFire(Unknown Source)
	at java.util.concurrent.CompletableFuture.postComplete(Unknown Source)
	at java.util.concurrent.CompletableFuture.completeExceptionally(Unknown Source)
	at scala.meta.internal.metals.CancelTokens$.$anonfun$future$1(CancelTokens.scala:40)
	at scala.meta.internal.metals.CancelTokens$.$anonfun$future$1$adapted(CancelTokens.scala:38)
	at scala.concurrent.impl.Promise$Transformation.run(Promise.scala:484)
	at java.util.concurrent.ThreadPoolExecutor.runWorker(Unknown Source)
	at java.util.concurrent.ThreadPoolExecutor$Worker.run(Unknown Source)
	at java.lang.Thread.run(Unknown Source)
Caused by: java.lang.ArrayIndexOutOfBoundsException
	at org.eclipse.jdt.internal.core.util.PublicScanner.getRawTokenSource(PublicScanner.java:597)
	at scala.meta.internal.parsing.JavaFoldingRangeExtractor.gatherImportLines$1(JavaFoldingRangeExtractor.scala:73)
	at scala.meta.internal.parsing.JavaFoldingRangeExtractor.gather$1(JavaFoldingRangeExtractor.scala:123)
	at scala.meta.internal.parsing.JavaFoldingRangeExtractor.extract(JavaFoldingRangeExtractor.scala:155)
	at scala.meta.internal.parsing.FoldingRangeProvider.$anonfun$getRangedForJava$2(FoldingRangeProvider.scala:54)
	at scala.Option$WithFilter.map(Option.scala:242)
	at scala.meta.internal.parsing.FoldingRangeProvider.getRangedForJava(FoldingRangeProvider.scala:49)
	at scala.meta.internal.metals.MetalsLanguageServer.$anonfun$foldingRange$3(MetalsLanguageServer.scala:1760)
	at scala.concurrent.Future$.$anonfun$apply$1(Future.scala:678)
	at scala.concurrent.impl.Promise$Transformation.run(Promise.scala:467)
	... 3 more

Dez 17, 2022 2:32:37 PM org.eclipse.lsp4j.jsonrpc.RemoteEndpoint fallbackResponseError
SCHWERWIEGEND: Internal error: java.lang.ArrayIndexOutOfBoundsException
java.util.concurrent.CompletionException: java.lang.ArrayIndexOutOfBoundsException
	at java.util.concurrent.CompletableFuture.encodeThrowable(Unknown Source)
	at java.util.concurrent.CompletableFuture.completeThrowable(Unknown Source)
	at java.util.concurrent.CompletableFuture.uniAccept(Unknown Source)
	at java.util.concurrent.CompletableFuture$UniAccept.tryFire(Unknown Source)
	at java.util.concurrent.CompletableFuture.postComplete(Unknown Source)
	at java.util.concurrent.CompletableFuture.completeExceptionally(Unknown Source)
	at scala.meta.internal.metals.CancelTokens$.$anonfun$future$1(CancelTokens.scala:40)
	at scala.meta.internal.metals.CancelTokens$.$anonfun$future$1$adapted(CancelTokens.scala:38)
	at scala.concurrent.impl.Promise$Transformation.run(Promise.scala:484)
	at java.util.concurrent.ThreadPoolExecutor.runWorker(Unknown Source)
	at java.util.concurrent.ThreadPoolExecutor$Worker.run(Unknown Source)
	at java.lang.Thread.run(Unknown Source)
Caused by: java.lang.ArrayIndexOutOfBoundsException
	at org.eclipse.jdt.internal.core.util.PublicScanner.getRawTokenSource(PublicScanner.java:597)
	at scala.meta.internal.parsing.JavaFoldingRangeExtractor.gatherImportLines$1(JavaFoldingRangeExtractor.scala:73)
	at scala.meta.internal.parsing.JavaFoldingRangeExtractor.gather$1(JavaFoldingRangeExtractor.scala:123)
	at scala.meta.internal.parsing.JavaFoldingRangeExtractor.extract(JavaFoldingRangeExtractor.scala:155)
	at scala.meta.internal.parsing.FoldingRangeProvider.$anonfun$getRangedForJava$2(FoldingRangeProvider.scala:54)
	at scala.Option$WithFilter.map(Option.scala:242)
	at scala.meta.internal.parsing.FoldingRangeProvider.getRangedForJava(FoldingRangeProvider.scala:49)
	at scala.meta.internal.metals.MetalsLanguageServer.$anonfun$foldingRange$3(MetalsLanguageServer.scala:1760)
	at scala.concurrent.Future$.$anonfun$apply$1(Future.scala:678)
	at scala.concurrent.impl.Promise$Transformation.run(Promise.scala:467)
	... 3 more

Dez 17, 2022 2:32:37 PM org.eclipse.lsp4j.jsonrpc.RemoteEndpoint fallbackResponseError
SCHWERWIEGEND: Internal error: java.lang.ArrayIndexOutOfBoundsException
java.util.concurrent.CompletionException: java.lang.ArrayIndexOutOfBoundsException
	at java.util.concurrent.CompletableFuture.encodeThrowable(Unknown Source)
	at java.util.concurrent.CompletableFuture.completeThrowable(Unknown Source)
	at java.util.concurrent.CompletableFuture.uniAccept(Unknown Source)
	at java.util.concurrent.CompletableFuture$UniAccept.tryFire(Unknown Source)
	at java.util.concurrent.CompletableFuture.postComplete(Unknown Source)
	at java.util.concurrent.CompletableFuture.completeExceptionally(Unknown Source)
	at scala.meta.internal.metals.CancelTokens$.$anonfun$future$1(CancelTokens.scala:40)
	at scala.meta.internal.metals.CancelTokens$.$anonfun$future$1$adapted(CancelTokens.scala:38)
	at scala.concurrent.impl.Promise$Transformation.run(Promise.scala:484)
	at java.util.concurrent.ThreadPoolExecutor.runWorker(Unknown Source)
	at java.util.concurrent.ThreadPoolExecutor$Worker.run(Unknown Source)
	at java.lang.Thread.run(Unknown Source)
Caused by: java.lang.ArrayIndexOutOfBoundsException
	at org.eclipse.jdt.internal.core.util.PublicScanner.getRawTokenSource(PublicScanner.java:597)
	at scala.meta.internal.parsing.JavaFoldingRangeExtractor.gatherImportLines$1(JavaFoldingRangeExtractor.scala:73)
	at scala.meta.internal.parsing.JavaFoldingRangeExtractor.gather$1(JavaFoldingRangeExtractor.scala:123)
	at scala.meta.internal.parsing.JavaFoldingRangeExtractor.extract(JavaFoldingRangeExtractor.scala:155)
	at scala.meta.internal.parsing.FoldingRangeProvider.$anonfun$getRangedForJava$2(FoldingRangeProvider.scala:54)
	at scala.Option$WithFilter.map(Option.scala:242)
	at scala.meta.internal.parsing.FoldingRangeProvider.getRangedForJava(FoldingRangeProvider.scala:49)
	at scala.meta.internal.metals.MetalsLanguageServer.$anonfun$foldingRange$3(MetalsLanguageServer.scala:1760)
	at scala.concurrent.Future$.$anonfun$apply$1(Future.scala:678)
	at scala.concurrent.impl.Promise$Transformation.run(Promise.scala:467)
	... 3 more

Dez 17, 2022 2:32:38 PM org.eclipse.lsp4j.jsonrpc.RemoteEndpoint fallbackResponseError
SCHWERWIEGEND: Internal error: java.lang.ArrayIndexOutOfBoundsException
java.util.concurrent.CompletionException: java.lang.ArrayIndexOutOfBoundsException
	at java.util.concurrent.CompletableFuture.encodeThrowable(Unknown Source)
	at java.util.concurrent.CompletableFuture.completeThrowable(Unknown Source)
	at java.util.concurrent.CompletableFuture.uniAccept(Unknown Source)
	at java.util.concurrent.CompletableFuture$UniAccept.tryFire(Unknown Source)
	at java.util.concurrent.CompletableFuture.postComplete(Unknown Source)
	at java.util.concurrent.CompletableFuture.completeExceptionally(Unknown Source)
	at scala.meta.internal.metals.CancelTokens$.$anonfun$future$1(CancelTokens.scala:40)
	at scala.meta.internal.metals.CancelTokens$.$anonfun$future$1$adapted(CancelTokens.scala:38)
	at scala.concurrent.impl.Promise$Transformation.run(Promise.scala:484)
	at java.util.concurrent.ThreadPoolExecutor.runWorker(Unknown Source)
	at java.util.concurrent.ThreadPoolExecutor$Worker.run(Unknown Source)
	at java.lang.Thread.run(Unknown Source)
Caused by: java.lang.ArrayIndexOutOfBoundsException
	at org.eclipse.jdt.internal.core.util.PublicScanner.getRawTokenSource(PublicScanner.java:597)
	at scala.meta.internal.parsing.JavaFoldingRangeExtractor.gatherImportLines$1(JavaFoldingRangeExtractor.scala:73)
	at scala.meta.internal.parsing.JavaFoldingRangeExtractor.gather$1(JavaFoldingRangeExtractor.scala:123)
	at scala.meta.internal.parsing.JavaFoldingRangeExtractor.extract(JavaFoldingRangeExtractor.scala:155)
	at scala.meta.internal.parsing.FoldingRangeProvider.$anonfun$getRangedForJava$2(FoldingRangeProvider.scala:54)
	at scala.Option$WithFilter.map(Option.scala:242)
	at scala.meta.internal.parsing.FoldingRangeProvider.getRangedForJava(FoldingRangeProvider.scala:49)
	at scala.meta.internal.metals.MetalsLanguageServer.$anonfun$foldingRange$3(MetalsLanguageServer.scala:1760)
	at scala.concurrent.Future$.$anonfun$apply$1(Future.scala:678)
	at scala.concurrent.impl.Promise$Transformation.run(Promise.scala:467)
	... 3 more

Dez 17, 2022 2:32:39 PM org.eclipse.lsp4j.jsonrpc.RemoteEndpoint fallbackResponseError
SCHWERWIEGEND: Internal error: java.lang.ArrayIndexOutOfBoundsException
java.util.concurrent.CompletionException: java.lang.ArrayIndexOutOfBoundsException
	at java.util.concurrent.CompletableFuture.encodeThrowable(Unknown Source)
	at java.util.concurrent.CompletableFuture.completeThrowable(Unknown Source)
	at java.util.concurrent.CompletableFuture.uniAccept(Unknown Source)
	at java.util.concurrent.CompletableFuture$UniAccept.tryFire(Unknown Source)
	at java.util.concurrent.CompletableFuture.postComplete(Unknown Source)
	at java.util.concurrent.CompletableFuture.completeExceptionally(Unknown Source)
	at scala.meta.internal.metals.CancelTokens$.$anonfun$future$1(CancelTokens.scala:40)
	at scala.meta.internal.metals.CancelTokens$.$anonfun$future$1$adapted(CancelTokens.scala:38)
	at scala.concurrent.impl.Promise$Transformation.run(Promise.scala:484)
	at java.util.concurrent.ThreadPoolExecutor.runWorker(Unknown Source)
	at java.util.concurrent.ThreadPoolExecutor$Worker.run(Unknown Source)
	at java.lang.Thread.run(Unknown Source)
Caused by: java.lang.ArrayIndexOutOfBoundsException
	at org.eclipse.jdt.internal.core.util.PublicScanner.getRawTokenSource(PublicScanner.java:597)
	at scala.meta.internal.parsing.JavaFoldingRangeExtractor.gatherImportLines$1(JavaFoldingRangeExtractor.scala:73)
	at scala.meta.internal.parsing.JavaFoldingRangeExtractor.gather$1(JavaFoldingRangeExtractor.scala:123)
	at scala.meta.internal.parsing.JavaFoldingRangeExtractor.extract(JavaFoldingRangeExtractor.scala:155)
	at scala.meta.internal.parsing.FoldingRangeProvider.$anonfun$getRangedForJava$2(FoldingRangeProvider.scala:54)
	at scala.Option$WithFilter.map(Option.scala:242)
	at scala.meta.internal.parsing.FoldingRangeProvider.getRangedForJava(FoldingRangeProvider.scala:49)
	at scala.meta.internal.metals.MetalsLanguageServer.$anonfun$foldingRange$3(MetalsLanguageServer.scala:1760)
	at scala.concurrent.Future$.$anonfun$apply$1(Future.scala:678)
	at scala.concurrent.impl.Promise$Transformation.run(Promise.scala:467)
	... 3 more

Dez 17, 2022 2:32:40 PM org.eclipse.lsp4j.jsonrpc.RemoteEndpoint fallbackResponseError
SCHWERWIEGEND: Internal error: java.lang.ArrayIndexOutOfBoundsException
java.util.concurrent.CompletionException: java.lang.ArrayIndexOutOfBoundsException
	at java.util.concurrent.CompletableFuture.encodeThrowable(Unknown Source)
	at java.util.concurrent.CompletableFuture.completeThrowable(Unknown Source)
	at java.util.concurrent.CompletableFuture.uniAccept(Unknown Source)
	at java.util.concurrent.CompletableFuture$UniAccept.tryFire(Unknown Source)
	at java.util.concurrent.CompletableFuture.postComplete(Unknown Source)
	at java.util.concurrent.CompletableFuture.completeExceptionally(Unknown Source)
	at scala.meta.internal.metals.CancelTokens$.$anonfun$future$1(CancelTokens.scala:40)
	at scala.meta.internal.metals.CancelTokens$.$anonfun$future$1$adapted(CancelTokens.scala:38)
	at scala.concurrent.impl.Promise$Transformation.run(Promise.scala:484)
	at java.util.concurrent.ThreadPoolExecutor.runWorker(Unknown Source)
	at java.util.concurrent.ThreadPoolExecutor$Worker.run(Unknown Source)
	at java.lang.Thread.run(Unknown Source)
Caused by: java.lang.ArrayIndexOutOfBoundsException
	at org.eclipse.jdt.internal.core.util.PublicScanner.getRawTokenSource(PublicScanner.java:597)
	at scala.meta.internal.parsing.JavaFoldingRangeExtractor.gatherImportLines$1(JavaFoldingRangeExtractor.scala:73)
	at scala.meta.internal.parsing.JavaFoldingRangeExtractor.gather$1(JavaFoldingRangeExtractor.scala:123)
	at scala.meta.internal.parsing.JavaFoldingRangeExtractor.extract(JavaFoldingRangeExtractor.scala:155)
	at scala.meta.internal.parsing.FoldingRangeProvider.$anonfun$getRangedForJava$2(FoldingRangeProvider.scala:54)
	at scala.Option$WithFilter.map(Option.scala:242)
	at scala.meta.internal.parsing.FoldingRangeProvider.getRangedForJava(FoldingRangeProvider.scala:49)
	at scala.meta.internal.metals.MetalsLanguageServer.$anonfun$foldingRange$3(MetalsLanguageServer.scala:1760)
	at scala.concurrent.Future$.$anonfun$apply$1(Future.scala:678)
	at scala.concurrent.impl.Promise$Transformation.run(Promise.scala:467)
	... 3 more

Dez 17, 2022 2:32:40 PM org.eclipse.lsp4j.jsonrpc.RemoteEndpoint fallbackResponseError
SCHWERWIEGEND: Internal error: java.lang.ArrayIndexOutOfBoundsException
java.util.concurrent.CompletionException: java.lang.ArrayIndexOutOfBoundsException
	at java.util.concurrent.CompletableFuture.encodeThrowable(Unknown Source)
	at java.util.concurrent.CompletableFuture.completeThrowable(Unknown Source)
	at java.util.concurrent.CompletableFuture.uniAccept(Unknown Source)
	at java.util.concurrent.CompletableFuture$UniAccept.tryFire(Unknown Source)
	at java.util.concurrent.CompletableFuture.postComplete(Unknown Source)
	at java.util.concurrent.CompletableFuture.completeExceptionally(Unknown Source)
	at scala.meta.internal.metals.CancelTokens$.$anonfun$future$1(CancelTokens.scala:40)
	at scala.meta.internal.metals.CancelTokens$.$anonfun$future$1$adapted(CancelTokens.scala:38)
	at scala.concurrent.impl.Promise$Transformation.run(Promise.scala:484)
	at java.util.concurrent.ThreadPoolExecutor.runWorker(Unknown Source)
	at java.util.concurrent.ThreadPoolExecutor$Worker.run(Unknown Source)
	at java.lang.Thread.run(Unknown Source)
Caused by: java.lang.ArrayIndexOutOfBoundsException
	at org.eclipse.jdt.internal.core.util.PublicScanner.getRawTokenSource(PublicScanner.java:597)
	at scala.meta.internal.parsing.JavaFoldingRangeExtractor.gatherImportLines$1(JavaFoldingRangeExtractor.scala:73)
	at scala.meta.internal.parsing.JavaFoldingRangeExtractor.gather$1(JavaFoldingRangeExtractor.scala:123)
	at scala.meta.internal.parsing.JavaFoldingRangeExtractor.extract(JavaFoldingRangeExtractor.scala:155)
	at scala.meta.internal.parsing.FoldingRangeProvider.$anonfun$getRangedForJava$2(FoldingRangeProvider.scala:54)
	at scala.Option$WithFilter.map(Option.scala:242)
	at scala.meta.internal.parsing.FoldingRangeProvider.getRangedForJava(FoldingRangeProvider.scala:49)
	at scala.meta.internal.metals.MetalsLanguageServer.$anonfun$foldingRange$3(MetalsLanguageServer.scala:1760)
	at scala.concurrent.Future$.$anonfun$apply$1(Future.scala:678)
	at scala.concurrent.impl.Promise$Transformation.run(Promise.scala:467)
	... 3 more

Dez 17, 2022 2:32:40 PM org.eclipse.lsp4j.jsonrpc.RemoteEndpoint fallbackResponseError
SCHWERWIEGEND: Internal error: java.lang.ArrayIndexOutOfBoundsException
java.util.concurrent.CompletionException: java.lang.ArrayIndexOutOfBoundsException
	at java.util.concurrent.CompletableFuture.encodeThrowable(Unknown Source)
	at java.util.concurrent.CompletableFuture.completeThrowable(Unknown Source)
	at java.util.concurrent.CompletableFuture.uniAccept(Unknown Source)
	at java.util.concurrent.CompletableFuture$UniAccept.tryFire(Unknown Source)
	at java.util.concurrent.CompletableFuture.postComplete(Unknown Source)
	at java.util.concurrent.CompletableFuture.completeExceptionally(Unknown Source)
	at scala.meta.internal.metals.CancelTokens$.$anonfun$future$1(CancelTokens.scala:40)
	at scala.meta.internal.metals.CancelTokens$.$anonfun$future$1$adapted(CancelTokens.scala:38)
	at scala.concurrent.impl.Promise$Transformation.run(Promise.scala:484)
	at java.util.concurrent.ThreadPoolExecutor.runWorker(Unknown Source)
	at java.util.concurrent.ThreadPoolExecutor$Worker.run(Unknown Source)
	at java.lang.Thread.run(Unknown Source)
Caused by: java.lang.ArrayIndexOutOfBoundsException
	at org.eclipse.jdt.internal.core.util.PublicScanner.getRawTokenSource(PublicScanner.java:597)
	at scala.meta.internal.parsing.JavaFoldingRangeExtractor.gatherImportLines$1(JavaFoldingRangeExtractor.scala:73)
	at scala.meta.internal.parsing.JavaFoldingRangeExtractor.gather$1(JavaFoldingRangeExtractor.scala:123)
	at scala.meta.internal.parsing.JavaFoldingRangeExtractor.extract(JavaFoldingRangeExtractor.scala:155)
	at scala.meta.internal.parsing.FoldingRangeProvider.$anonfun$getRangedForJava$2(FoldingRangeProvider.scala:54)
	at scala.Option$WithFilter.map(Option.scala:242)
	at scala.meta.internal.parsing.FoldingRangeProvider.getRangedForJava(FoldingRangeProvider.scala:49)
	at scala.meta.internal.metals.MetalsLanguageServer.$anonfun$foldingRange$3(MetalsLanguageServer.scala:1760)
	at scala.concurrent.Future$.$anonfun$apply$1(Future.scala:678)
	at scala.concurrent.impl.Promise$Transformation.run(Promise.scala:467)
	... 3 more

Dez 17, 2022 2:32:41 PM org.eclipse.lsp4j.jsonrpc.RemoteEndpoint fallbackResponseError
SCHWERWIEGEND: Internal error: java.lang.ArrayIndexOutOfBoundsException
java.util.concurrent.CompletionException: java.lang.ArrayIndexOutOfBoundsException
	at java.util.concurrent.CompletableFuture.encodeThrowable(Unknown Source)
	at java.util.concurrent.CompletableFuture.completeThrowable(Unknown Source)
	at java.util.concurrent.CompletableFuture.uniAccept(Unknown Source)
	at java.util.concurrent.CompletableFuture$UniAccept.tryFire(Unknown Source)
	at java.util.concurrent.CompletableFuture.postComplete(Unknown Source)
	at java.util.concurrent.CompletableFuture.completeExceptionally(Unknown Source)
	at scala.meta.internal.metals.CancelTokens$.$anonfun$future$1(CancelTokens.scala:40)
	at scala.meta.internal.metals.CancelTokens$.$anonfun$future$1$adapted(CancelTokens.scala:38)
	at scala.concurrent.impl.Promise$Transformation.run(Promise.scala:484)
	at java.util.concurrent.ThreadPoolExecutor.runWorker(Unknown Source)
	at java.util.concurrent.ThreadPoolExecutor$Worker.run(Unknown Source)
	at java.lang.Thread.run(Unknown Source)
Caused by: java.lang.ArrayIndexOutOfBoundsException
	at org.eclipse.jdt.internal.core.util.PublicScanner.getRawTokenSource(PublicScanner.java:597)
	at scala.meta.internal.parsing.JavaFoldingRangeExtractor.gatherImportLines$1(JavaFoldingRangeExtractor.scala:73)
	at scala.meta.internal.parsing.JavaFoldingRangeExtractor.gather$1(JavaFoldingRangeExtractor.scala:123)
	at scala.meta.internal.parsing.JavaFoldingRangeExtractor.extract(JavaFoldingRangeExtractor.scala:155)
	at scala.meta.internal.parsing.FoldingRangeProvider.$anonfun$getRangedForJava$2(FoldingRangeProvider.scala:54)
	at scala.Option$WithFilter.map(Option.scala:242)
	at scala.meta.internal.parsing.FoldingRangeProvider.getRangedForJava(FoldingRangeProvider.scala:49)
	at scala.meta.internal.metals.MetalsLanguageServer.$anonfun$foldingRange$3(MetalsLanguageServer.scala:1760)
	at scala.concurrent.Future$.$anonfun$apply$1(Future.scala:678)
	at scala.concurrent.impl.Promise$Transformation.run(Promise.scala:467)
	... 3 more

Dez 17, 2022 2:32:42 PM org.eclipse.lsp4j.jsonrpc.RemoteEndpoint fallbackResponseError
SCHWERWIEGEND: Internal error: java.lang.ArrayIndexOutOfBoundsException
java.util.concurrent.CompletionException: java.lang.ArrayIndexOutOfBoundsException
	at java.util.concurrent.CompletableFuture.encodeThrowable(Unknown Source)
	at java.util.concurrent.CompletableFuture.completeThrowable(Unknown Source)
	at java.util.concurrent.CompletableFuture.uniAccept(Unknown Source)
	at java.util.concurrent.CompletableFuture$UniAccept.tryFire(Unknown Source)
	at java.util.concurrent.CompletableFuture.postComplete(Unknown Source)
	at java.util.concurrent.CompletableFuture.completeExceptionally(Unknown Source)
	at scala.meta.internal.metals.CancelTokens$.$anonfun$future$1(CancelTokens.scala:40)
	at scala.meta.internal.metals.CancelTokens$.$anonfun$future$1$adapted(CancelTokens.scala:38)
	at scala.concurrent.impl.Promise$Transformation.run(Promise.scala:484)
	at java.util.concurrent.ThreadPoolExecutor.runWorker(Unknown Source)
	at java.util.concurrent.ThreadPoolExecutor$Worker.run(Unknown Source)
	at java.lang.Thread.run(Unknown Source)
Caused by: java.lang.ArrayIndexOutOfBoundsException
	at org.eclipse.jdt.internal.core.util.PublicScanner.getRawTokenSource(PublicScanner.java:597)
	at scala.meta.internal.parsing.JavaFoldingRangeExtractor.gatherImportLines$1(JavaFoldingRangeExtractor.scala:73)
	at scala.meta.internal.parsing.JavaFoldingRangeExtractor.gather$1(JavaFoldingRangeExtractor.scala:123)
	at scala.meta.internal.parsing.JavaFoldingRangeExtractor.extract(JavaFoldingRangeExtractor.scala:155)
	at scala.meta.internal.parsing.FoldingRangeProvider.$anonfun$getRangedForJava$2(FoldingRangeProvider.scala:54)
	at scala.Option$WithFilter.map(Option.scala:242)
	at scala.meta.internal.parsing.FoldingRangeProvider.getRangedForJava(FoldingRangeProvider.scala:49)
	at scala.meta.internal.metals.MetalsLanguageServer.$anonfun$foldingRange$3(MetalsLanguageServer.scala:1760)
	at scala.concurrent.Future$.$anonfun$apply$1(Future.scala:678)
	at scala.concurrent.impl.Promise$Transformation.run(Promise.scala:467)
	... 3 more

2022.12.17 14:32:55 WARN  no build target for: C:\Users\Mowodis\Desktop\Studium\Semester_3\Theoretische Informatik 1\Übungen\Übung 8\Uebungsblatt-8\javaSorting.java
2022.12.17 14:38:26 WARN  no build target for: C:\Users\Mowodis\Desktop\Studium\Semester_3\Theoretische Informatik 1\Übungen\Übung 8\Uebungsblatt-8\JavaSorting.java
2022.12.17 14:38:40 WARN  Cannot tokenize Java file file:///C:/Users/Mowodis/Desktop/Studium/Semester_3/Theoretische%20Informatik%201/Übungen/Übung%208/Uebungsblatt-8/JavaSorting.javaorg.eclipse.jdt.core.compiler.InvalidInputException: Invalid_Char_In_String
	at org.eclipse.jdt.internal.core.util.PublicScanner.getNextToken(PublicScanner.java:1564)
	at scala.meta.internal.parsing.JavaTokens$.loop$1(JavaTokens.scala:71)
	at scala.meta.internal.parsing.JavaTokens$.$anonfun$tokenize$1(JavaTokens.scala:75)
	at scala.util.Try$.apply(Try.scala:210)
	at scala.meta.internal.parsing.JavaTokens$.tokenize(JavaTokens.scala:35)
	at scala.meta.internal.parsing.TokenEditDistance$.apply(TokenEditDistance.scala:370)
	at scala.meta.internal.metals.Diagnostics.publishDiagnostics(Diagnostics.scala:226)
	at scala.meta.internal.metals.Diagnostics.publishDiagnostics(Diagnostics.scala:188)
	at scala.meta.internal.metals.Diagnostics.didChange(Diagnostics.scala:136)
	at scala.meta.internal.metals.MetalsLanguageServer.didChange(MetalsLanguageServer.scala:1244)
	at sun.reflect.GeneratedMethodAccessor6.invoke(null)
	at sun.reflect.DelegatingMethodAccessorImpl.invoke(null)
	at java.lang.reflect.Method.invoke(null)
	at org.eclipse.lsp4j.jsonrpc.services.GenericEndpoint.lambda$null$0(GenericEndpoint.java:65)
	at org.eclipse.lsp4j.jsonrpc.services.GenericEndpoint.notify(GenericEndpoint.java:152)
	at org.eclipse.lsp4j.jsonrpc.RemoteEndpoint.handleNotification(RemoteEndpoint.java:220)
	at org.eclipse.lsp4j.jsonrpc.RemoteEndpoint.consume(RemoteEndpoint.java:187)
	at org.eclipse.lsp4j.jsonrpc.json.StreamMessageProducer.handleMessage(StreamMessageProducer.java:194)
	at org.eclipse.lsp4j.jsonrpc.json.StreamMessageProducer.listen(StreamMessageProducer.java:94)
	at org.eclipse.lsp4j.jsonrpc.json.ConcurrentMessageProcessor.run(ConcurrentMessageProcessor.java:113)
	at java.util.concurrent.Executors$RunnableAdapter.call(null)
	at java.util.concurrent.FutureTask.run(null)
	at java.util.concurrent.ThreadPoolExecutor.runWorker(null)
	at java.util.concurrent.ThreadPoolExecutor$Worker.run(null)
	at java.lang.Thread.run(null)

Dez 17, 2022 2:38:40 PM org.eclipse.lsp4j.jsonrpc.RemoteEndpoint fallbackResponseError
SCHWERWIEGEND: Internal error: org.eclipse.jdt.core.compiler.InvalidInputException: Invalid_Char_In_String
java.util.concurrent.CompletionException: org.eclipse.jdt.core.compiler.InvalidInputException: Invalid_Char_In_String
	at java.util.concurrent.CompletableFuture.encodeThrowable(Unknown Source)
	at java.util.concurrent.CompletableFuture.completeThrowable(Unknown Source)
	at java.util.concurrent.CompletableFuture.uniAccept(Unknown Source)
	at java.util.concurrent.CompletableFuture$UniAccept.tryFire(Unknown Source)
	at java.util.concurrent.CompletableFuture.postComplete(Unknown Source)
	at java.util.concurrent.CompletableFuture.completeExceptionally(Unknown Source)
	at scala.meta.internal.metals.CancelTokens$.$anonfun$future$1(CancelTokens.scala:40)
	at scala.meta.internal.metals.CancelTokens$.$anonfun$future$1$adapted(CancelTokens.scala:38)
	at scala.concurrent.impl.Promise$Transformation.run(Promise.scala:484)
	at java.util.concurrent.ThreadPoolExecutor.runWorker(Unknown Source)
	at java.util.concurrent.ThreadPoolExecutor$Worker.run(Unknown Source)
	at java.lang.Thread.run(Unknown Source)
Caused by: org.eclipse.jdt.core.compiler.InvalidInputException: Invalid_Char_In_String
	at org.eclipse.jdt.internal.core.util.PublicScanner.getNextToken(PublicScanner.java:1564)
	at scala.meta.internal.parsing.JavaFoldingRangeExtractor.next$1(JavaFoldingRangeExtractor.scala:100)
	at scala.meta.internal.parsing.JavaFoldingRangeExtractor.gather$1(JavaFoldingRangeExtractor.scala:147)
	at scala.meta.internal.parsing.JavaFoldingRangeExtractor.extract(JavaFoldingRangeExtractor.scala:155)
	at scala.meta.internal.parsing.FoldingRangeProvider.$anonfun$getRangedForJava$2(FoldingRangeProvider.scala:54)
	at scala.Option$WithFilter.map(Option.scala:242)
	at scala.meta.internal.parsing.FoldingRangeProvider.getRangedForJava(FoldingRangeProvider.scala:49)
	at scala.meta.internal.metals.MetalsLanguageServer.$anonfun$foldingRange$3(MetalsLanguageServer.scala:1760)
	at scala.concurrent.Future$.$anonfun$apply$1(Future.scala:678)
	at scala.concurrent.impl.Promise$Transformation.run(Promise.scala:467)
	... 3 more

2022.12.17 14:39:28 WARN  no build target for: C:\Users\Mowodis\Desktop\Studium\Semester_3\Theoretische Informatik 1\Übungen\Übung 8\Uebungsblatt-8\JavaSorting.java
2022.12.17 14:39:32 WARN  no build target for: C:\Users\Mowodis\Desktop\Studium\Semester_3\Theoretische Informatik 1\Übungen\Übung 8\Uebungsblatt-8\JavaSorting.java
2022.12.17 14:40:29 WARN  no build target for: C:\Users\Mowodis\Desktop\Studium\Semester_3\Theoretische Informatik 1\Übungen\Übung 8\Uebungsblatt-8\JavaSorting.java
Dez 17, 2022 2:44:07 PM org.eclipse.lsp4j.jsonrpc.RemoteEndpoint handleCancellation
WARNUNG: Unmatched cancel notification for request id 1743
Dez 17, 2022 2:46:09 PM org.eclipse.lsp4j.jsonrpc.RemoteEndpoint handleCancellation
WARNUNG: Unmatched cancel notification for request id 2121
Dez 17, 2022 2:47:39 PM org.eclipse.lsp4j.jsonrpc.RemoteEndpoint handleCancellation
WARNUNG: Unmatched cancel notification for request id 2213
2022.12.17 14:47:39 WARN  no build target for: C:\Users\Mowodis\Desktop\Studium\Semester_3\Theoretische Informatik 1\Übungen\Übung 8\Uebungsblatt-8\JavaSorting.java
2022.12.17 14:52:47 WARN  no build target for: C:\Users\Mowodis\Desktop\Studium\Semester_3\Theoretische Informatik 1\Übungen\Übung 8\Uebungsblatt-8\JavaSorting.java
2022.12.17 14:52:54 WARN  no build target for: C:\Users\Mowodis\Desktop\Studium\Semester_3\Theoretische Informatik 1\Übungen\Übung 8\Uebungsblatt-8\JavaSorting.java
2022.12.17 14:53:40 WARN  no build target for: C:\Users\Mowodis\Desktop\Studium\Semester_3\Theoretische Informatik 1\Übungen\Übung 8\Uebungsblatt-8\JavaSorting.java
2022.12.17 14:53:43 WARN  no build target for: C:\Users\Mowodis\Desktop\Studium\Semester_3\Theoretische Informatik 1\Übungen\Übung 8\Uebungsblatt-8\JavaSorting.java
2022.12.17 14:55:18 WARN  no build target for: C:\Users\Mowodis\Desktop\Studium\Semester_3\Theoretische Informatik 1\Übungen\Übung 8\Uebungsblatt-8\JavaSorting.java
2022.12.17 14:55:51 WARN  no build target for: C:\Users\Mowodis\Desktop\Studium\Semester_3\Theoretische Informatik 1\Übungen\Übung 8\Uebungsblatt-8\JavaSorting.java
2022.12.17 14:56:08 WARN  no build target for: C:\Users\Mowodis\Desktop\Studium\Semester_3\Theoretische Informatik 1\Übungen\Übung 8\Uebungsblatt-8\JavaSorting.java
2022.12.17 14:56:37 WARN  no build target for: C:\Users\Mowodis\Desktop\Studium\Semester_3\Theoretische Informatik 1\Übungen\Übung 8\Uebungsblatt-8\JavaSorting.java
2022.12.17 14:58:14 WARN  no build target for: C:\Users\Mowodis\Desktop\Studium\Semester_3\Theoretische Informatik 1\Übungen\Übung 8\Uebungsblatt-8\JavaSorting.java
2022.12.17 14:59:35 WARN  no build target for: C:\Users\Mowodis\Desktop\Studium\Semester_3\Theoretische Informatik 1\Übungen\Übung 8\Uebungsblatt-8\JavaSorting.java
2022.12.17 14:59:42 WARN  no build target for: C:\Users\Mowodis\Desktop\Studium\Semester_3\Theoretische Informatik 1\Übungen\Übung 8\Uebungsblatt-8\JavaSorting.java
2022.12.17 14:59:50 WARN  no build target for: C:\Users\Mowodis\Desktop\Studium\Semester_3\Theoretische Informatik 1\Übungen\Übung 8\Uebungsblatt-8\JavaSorting.java
2022.12.17 15:01:23 WARN  no build target for: C:\Users\Mowodis\Desktop\Studium\Semester_3\Theoretische Informatik 1\Übungen\Übung 8\Uebungsblatt-8\JavaSorting.java
2022.12.17 15:03:08 WARN  no build target for: C:\Users\Mowodis\Desktop\Studium\Semester_3\Theoretische Informatik 1\Übungen\Übung 8\Uebungsblatt-8\JavaSorting.java
2022.12.17 16:34:04 WARN  no build target for: C:\Users\Mowodis\Desktop\Studium\Semester_3\Theoretische Informatik 1\Übungen\Übung 8\Uebungsblatt-8\JavaSorting.java
2022.12.17 16:34:51 WARN  no build target for: C:\Users\Mowodis\Desktop\Studium\Semester_3\Theoretische Informatik 1\Übungen\Übung 8\Uebungsblatt-8\JavaSorting.java
2022.12.17 16:35:31 WARN  no build target for: C:\Users\Mowodis\Desktop\Studium\Semester_3\Theoretische Informatik 1\Übungen\Übung 8\Uebungsblatt-8\JavaSorting.java
2022.12.17 16:36:06 WARN  no build target for: C:\Users\Mowodis\Desktop\Studium\Semester_3\Theoretische Informatik 1\Übungen\Übung 8\Uebungsblatt-8\JavaSorting.java
2022.12.17 16:36:25 WARN  no build target for: C:\Users\Mowodis\Desktop\Studium\Semester_3\Theoretische Informatik 1\Übungen\Übung 8\Uebungsblatt-8\JavaSorting.java
Dez 17, 2022 4:58:04 PM org.eclipse.lsp4j.jsonrpc.RemoteEndpoint handleCancellation
WARNUNG: Unmatched cancel notification for request id 4645
2022.12.17 16:58:21 WARN  no build target for: C:\Users\Mowodis\Desktop\Studium\Semester_3\Theoretische Informatik 1\Übungen\Übung 8\Uebungsblatt-8\JavaSorting.java
2022.12.17 16:59:06 WARN  no build target for: C:\Users\Mowodis\Desktop\Studium\Semester_3\Theoretische Informatik 1\Übungen\Übung 8\Uebungsblatt-8\JavaSorting.java
Dez 17, 2022 5:03:19 PM org.eclipse.lsp4j.jsonrpc.RemoteEndpoint handleCancellation
WARNUNG: Unmatched cancel notification for request id 5009
2022.12.17 17:04:28 WARN  no build target for: C:\Users\Mowodis\Desktop\Studium\Semester_3\Theoretische Informatik 1\Übungen\Übung 8\Uebungsblatt-8\JavaSorting.java
2022.12.17 17:04:31 WARN  no build target for: C:\Users\Mowodis\Desktop\Studium\Semester_3\Theoretische Informatik 1\Übungen\Übung 8\Uebungsblatt-8\JavaSorting.java
2022.12.17 17:05:17 WARN  no build target for: C:\Users\Mowodis\Desktop\Studium\Semester_3\Theoretische Informatik 1\Übungen\Übung 8\Uebungsblatt-8\JavaSorting.java
2022.12.17 17:08:25 WARN  no build target for: C:\Users\Mowodis\Desktop\Studium\Semester_3\Theoretische Informatik 1\Übungen\Übung 8\Uebungsblatt-8\JavaSorting.java
2022.12.17 17:08:37 WARN  no build target for: C:\Users\Mowodis\Desktop\Studium\Semester_3\Theoretische Informatik 1\Übungen\Übung 8\Uebungsblatt-8\JavaSorting.java
2022.12.17 17:08:51 WARN  no build target for: C:\Users\Mowodis\Desktop\Studium\Semester_3\Theoretische Informatik 1\Übungen\Übung 8\Uebungsblatt-8\JavaSorting.java
2022.12.17 17:08:58 WARN  no build target for: C:\Users\Mowodis\Desktop\Studium\Semester_3\Theoretische Informatik 1\Übungen\Übung 8\Uebungsblatt-8\JavaSorting.java
Dez 17, 2022 5:10:57 PM org.eclipse.lsp4j.jsonrpc.RemoteEndpoint handleCancellation
WARNUNG: Unmatched cancel notification for request id 5576
2022.12.17 17:11:11 WARN  no build target for: C:\Users\Mowodis\Desktop\Studium\Semester_3\Theoretische Informatik 1\Übungen\Übung 8\Uebungsblatt-8\JavaSorting.java
2022.12.17 17:11:19 WARN  no build target for: C:\Users\Mowodis\Desktop\Studium\Semester_3\Theoretische Informatik 1\Übungen\Übung 8\Uebungsblatt-8\JavaSorting.java
2022.12.17 17:11:54 WARN  no build target for: C:\Users\Mowodis\Desktop\Studium\Semester_3\Theoretische Informatik 1\Übungen\Übung 8\Uebungsblatt-8\JavaSorting.java
2022.12.17 17:12:56 WARN  no build target for: C:\Users\Mowodis\Desktop\Studium\Semester_3\Theoretische Informatik 1\Übungen\Übung 8\Uebungsblatt-8\JavaSorting.java
2022.12.17 17:13:59 WARN  no build target for: C:\Users\Mowodis\Desktop\Studium\Semester_3\Theoretische Informatik 1\Übungen\Übung 8\Uebungsblatt-8\JavaSorting.java
2022.12.17 17:15:50 WARN  no build target for: C:\Users\Mowodis\Desktop\Studium\Semester_3\Theoretische Informatik 1\Übungen\Übung 8\Uebungsblatt-8\JavaSorting.java
2022.12.17 17:21:03 WARN  no build target for: C:\Users\Mowodis\Desktop\Studium\Semester_3\Theoretische Informatik 1\Übungen\Übung 8\Uebungsblatt-8\JavaSorting.java
2022.12.17 17:28:56 WARN  no build target for: C:\Users\Mowodis\Desktop\Studium\Semester_3\Theoretische Informatik 1\Übungen\Übung 8\Uebungsblatt-8\JavaSorting.java
2022.12.17 17:29:27 WARN  no build target for: C:\Users\Mowodis\Desktop\Studium\Semester_3\Theoretische Informatik 1\Übungen\Übung 8\Uebungsblatt-8\JavaSorting.java
2022.12.17 17:29:45 WARN  no build target for: C:\Users\Mowodis\Desktop\Studium\Semester_3\Theoretische Informatik 1\Übungen\Übung 8\Uebungsblatt-8\JavaSorting.java
2022.12.17 17:30:38 WARN  no build target for: C:\Users\Mowodis\Desktop\Studium\Semester_3\Theoretische Informatik 1\Übungen\Übung 8\Uebungsblatt-8\JavaSorting.java
2022.12.17 17:31:20 WARN  no build target for: C:\Users\Mowodis\Desktop\Studium\Semester_3\Theoretische Informatik 1\Übungen\Übung 8\Uebungsblatt-8\JavaSorting.java
2022.12.17 17:31:34 WARN  no build target for: C:\Users\Mowodis\Desktop\Studium\Semester_3\Theoretische Informatik 1\Übungen\Übung 8\Uebungsblatt-8\JavaSorting.java
2022.12.17 17:34:10 WARN  no build target for: C:\Users\Mowodis\Desktop\Studium\Semester_3\Theoretische Informatik 1\Übungen\Übung 8\Uebungsblatt-8\JavaSorting.java
2022.12.17 17:37:40 WARN  no build target for: C:\Users\Mowodis\Desktop\Studium\Semester_3\Theoretische Informatik 1\Übungen\Übung 8\Uebungsblatt-8\JavaSorting.java
2022.12.17 17:42:06 WARN  no build target for: C:\Users\Mowodis\Desktop\Studium\Semester_3\Theoretische Informatik 1\Übungen\Übung 8\Uebungsblatt-8\JavaSorting.java
2022.12.17 17:43:27 WARN  no build target for: C:\Users\Mowodis\Desktop\Studium\Semester_3\Theoretische Informatik 1\Übungen\Übung 8\Uebungsblatt-8\JavaSorting.java
Dez 17, 2022 5:49:42 PM org.eclipse.lsp4j.jsonrpc.RemoteEndpoint handleCancellation
WARNUNG: Unmatched cancel notification for request id 8944
2022.12.17 17:50:35 WARN  no build target for: C:\Users\Mowodis\Desktop\Studium\Semester_3\Theoretische Informatik 1\Übungen\Übung 8\Uebungsblatt-8\JavaSorting.java
2022.12.17 17:51:38 WARN  no build target for: C:\Users\Mowodis\Desktop\Studium\Semester_3\Theoretische Informatik 1\Übungen\Übung 8\Uebungsblatt-8\JavaSorting.java
2022.12.17 17:51:42 WARN  no build target for: C:\Users\Mowodis\Desktop\Studium\Semester_3\Theoretische Informatik 1\Übungen\Übung 8\Uebungsblatt-8\JavaSorting.java
2022.12.17 18:01:28 WARN  no build target for: C:\Users\Mowodis\Desktop\Studium\Semester_3\Theoretische Informatik 1\Übungen\Übung 8\Uebungsblatt-8\JavaSorting.java
Dez 17, 2022 6:01:49 PM org.eclipse.lsp4j.jsonrpc.RemoteEndpoint handleCancellation
WARNUNG: Unmatched cancel notification for request id 10303
2022.12.17 18:01:59 WARN  no build target for: C:\Users\Mowodis\Desktop\Studium\Semester_3\Theoretische Informatik 1\Übungen\Übung 8\Uebungsblatt-8\JavaSorting.java
2022.12.17 18:02:49 WARN  no build target for: C:\Users\Mowodis\Desktop\Studium\Semester_3\Theoretische Informatik 1\Übungen\Übung 8\Uebungsblatt-8\JavaSorting.java
2022.12.17 18:03:24 WARN  no build target for: C:\Users\Mowodis\Desktop\Studium\Semester_3\Theoretische Informatik 1\Übungen\Übung 8\Uebungsblatt-8\JavaSorting.java
2022.12.17 18:03:51 WARN  no build target for: C:\Users\Mowodis\Desktop\Studium\Semester_3\Theoretische Informatik 1\Übungen\Übung 8\Uebungsblatt-8\JavaSorting.java
2022.12.17 18:05:01 WARN  no build target for: C:\Users\Mowodis\Desktop\Studium\Semester_3\Theoretische Informatik 1\Übungen\Übung 8\Uebungsblatt-8\JavaSorting.java
2022.12.17 18:07:04 WARN  no build target for: C:\Users\Mowodis\Desktop\Studium\Semester_3\Theoretische Informatik 1\Übungen\Übung 8\Uebungsblatt-8\JavaSorting.java
2022.12.17 18:07:28 WARN  no build target for: C:\Users\Mowodis\Desktop\Studium\Semester_3\Theoretische Informatik 1\Übungen\Übung 8\Uebungsblatt-8\JavaSorting.java
2022.12.17 18:07:55 WARN  no build target for: C:\Users\Mowodis\Desktop\Studium\Semester_3\Theoretische Informatik 1\Übungen\Übung 8\Uebungsblatt-8\JavaSorting.java
2022.12.17 18:08:06 WARN  no build target for: C:\Users\Mowodis\Desktop\Studium\Semester_3\Theoretische Informatik 1\Übungen\Übung 8\Uebungsblatt-8\JavaSorting.java
2022.12.17 18:09:36 WARN  no build target for: C:\Users\Mowodis\Desktop\Studium\Semester_3\Theoretische Informatik 1\Übungen\Übung 8\Uebungsblatt-8\JavaSorting.java
2022.12.17 18:09:55 WARN  no build target for: C:\Users\Mowodis\Desktop\Studium\Semester_3\Theoretische Informatik 1\Übungen\Übung 8\Uebungsblatt-8\JavaSorting.java
2022.12.17 18:10:06 WARN  no build target for: C:\Users\Mowodis\Desktop\Studium\Semester_3\Theoretische Informatik 1\Übungen\Übung 8\Uebungsblatt-8\JavaSorting.java
2022.12.17 18:10:29 WARN  no build target for: C:\Users\Mowodis\Desktop\Studium\Semester_3\Theoretische Informatik 1\Übungen\Übung 8\Uebungsblatt-8\JavaSorting.java
2022.12.17 18:11:12 WARN  no build target for: C:\Users\Mowodis\Desktop\Studium\Semester_3\Theoretische Informatik 1\Übungen\Übung 8\Uebungsblatt-8\JavaSorting.java
2022.12.17 21:05:38 WARN  no build target for: C:\Users\Mowodis\Desktop\Studium\Semester_3\Theoretische Informatik 1\Übungen\Übung 8\Uebungsblatt-8\JavaSorting.java
2022.12.17 21:05:57 WARN  no build target for: C:\Users\Mowodis\Desktop\Studium\Semester_3\Theoretische Informatik 1\Übungen\Übung 8\Uebungsblatt-8\JavaSorting.java
2022.12.17 21:07:16 WARN  no build target for: C:\Users\Mowodis\Desktop\Studium\Semester_3\Theoretische Informatik 1\Übungen\Übung 8\Uebungsblatt-8\JavaSorting.java
2022.12.17 21:08:00 WARN  no build target for: C:\Users\Mowodis\Desktop\Studium\Semester_3\Theoretische Informatik 1\Übungen\Übung 8\Uebungsblatt-8\JavaSorting.java
2022.12.17 21:15:29 WARN  no build target for: C:\Users\Mowodis\Desktop\Studium\Semester_3\Theoretische Informatik 1\Übungen\Übung 8\Uebungsblatt-8\JavaSorting.java
2022.12.17 21:16:54 WARN  no build target for: C:\Users\Mowodis\Desktop\Studium\Semester_3\Theoretische Informatik 1\Übungen\Übung 8\Uebungsblatt-8\JavaSorting.java
2022.12.17 21:17:20 WARN  no build target for: C:\Users\Mowodis\Desktop\Studium\Semester_3\Theoretische Informatik 1\Übungen\Übung 8\Uebungsblatt-8\JavaSorting.java
Dez 17, 2022 9:17:24 PM org.eclipse.lsp4j.jsonrpc.RemoteEndpoint handleCancellation
WARNUNG: Unmatched cancel notification for request id 12110
2022.12.17 21:18:08 WARN  no build target for: C:\Users\Mowodis\Desktop\Studium\Semester_3\Theoretische Informatik 1\Übungen\Übung 8\Uebungsblatt-8\JavaSorting.java
2022.12.17 21:21:17 WARN  no build target for: C:\Users\Mowodis\Desktop\Studium\Semester_3\Theoretische Informatik 1\Übungen\Übung 8\Uebungsblatt-8\JavaSorting.java
2022.12.17 21:22:17 WARN  no build target for: C:\Users\Mowodis\Desktop\Studium\Semester_3\Theoretische Informatik 1\Übungen\Übung 8\Uebungsblatt-8\JavaSorting.java
2022.12.17 21:28:06 WARN  no build target for: C:\Users\Mowodis\Desktop\Studium\Semester_3\Theoretische Informatik 1\Übungen\Übung 8\Uebungsblatt-8\JavaSorting.java
2022.12.17 21:28:10 WARN  no build target for: C:\Users\Mowodis\Desktop\Studium\Semester_3\Theoretische Informatik 1\Übungen\Übung 8\Uebungsblatt-8\JavaSorting.java
2022.12.17 21:32:19 WARN  no build target for: C:\Users\Mowodis\Desktop\Studium\Semester_3\Theoretische Informatik 1\Übungen\Übung 8\Uebungsblatt-8\JavaSorting.java
2022.12.17 21:33:33 WARN  no build target for: C:\Users\Mowodis\Desktop\Studium\Semester_3\Theoretische Informatik 1\Übungen\Übung 8\Uebungsblatt-8\JavaSorting.java
2022.12.17 21:34:30 WARN  no build target for: C:\Users\Mowodis\Desktop\Studium\Semester_3\Theoretische Informatik 1\Übungen\Übung 8\Uebungsblatt-8\JavaSorting.java
2022.12.17 21:35:10 WARN  no build target for: C:\Users\Mowodis\Desktop\Studium\Semester_3\Theoretische Informatik 1\Übungen\Übung 8\Uebungsblatt-8\JavaSorting.java
2022.12.17 21:35:23 WARN  no build target for: C:\Users\Mowodis\Desktop\Studium\Semester_3\Theoretische Informatik 1\Übungen\Übung 8\Uebungsblatt-8\JavaSorting.java
2022.12.17 21:36:17 WARN  no build target for: C:\Users\Mowodis\Desktop\Studium\Semester_3\Theoretische Informatik 1\Übungen\Übung 8\Uebungsblatt-8\JavaSorting.java
2022.12.17 21:37:06 WARN  no build target for: C:\Users\Mowodis\Desktop\Studium\Semester_3\Theoretische Informatik 1\Übungen\Übung 8\Uebungsblatt-8\JavaSorting.java
2022.12.17 21:37:47 WARN  no build target for: C:\Users\Mowodis\Desktop\Studium\Semester_3\Theoretische Informatik 1\Übungen\Übung 8\Uebungsblatt-8\JavaSorting.java
2022.12.17 21:38:27 WARN  no build target for: C:\Users\Mowodis\Desktop\Studium\Semester_3\Theoretische Informatik 1\Übungen\Übung 8\Uebungsblatt-8\JavaSorting.java
2022.12.17 21:38:34 WARN  no build target for: C:\Users\Mowodis\Desktop\Studium\Semester_3\Theoretische Informatik 1\Übungen\Übung 8\Uebungsblatt-8\JavaSorting.java
2022.12.17 21:38:47 WARN  no build target for: C:\Users\Mowodis\Desktop\Studium\Semester_3\Theoretische Informatik 1\Übungen\Übung 8\Uebungsblatt-8\JavaSorting.java
2022.12.17 21:38:59 WARN  no build target for: C:\Users\Mowodis\Desktop\Studium\Semester_3\Theoretische Informatik 1\Übungen\Übung 8\Uebungsblatt-8\JavaSorting.java
2022.12.17 21:39:54 WARN  no build target for: C:\Users\Mowodis\Desktop\Studium\Semester_3\Theoretische Informatik 1\Übungen\Übung 8\Uebungsblatt-8\JavaSorting.java
2022.12.17 21:40:07 WARN  no build target for: C:\Users\Mowodis\Desktop\Studium\Semester_3\Theoretische Informatik 1\Übungen\Übung 8\Uebungsblatt-8\JavaSorting.java
2022.12.17 21:40:20 WARN  no build target for: C:\Users\Mowodis\Desktop\Studium\Semester_3\Theoretische Informatik 1\Übungen\Übung 8\Uebungsblatt-8\JavaSorting.java
2022.12.17 21:45:17 WARN  no build target for: C:\Users\Mowodis\Desktop\Studium\Semester_3\Theoretische Informatik 1\Übungen\Übung 8\Uebungsblatt-8\JavaSorting.java
2022.12.17 21:45:23 WARN  no build target for: C:\Users\Mowodis\Desktop\Studium\Semester_3\Theoretische Informatik 1\Übungen\Übung 8\Uebungsblatt-8\JavaSorting.java
2022.12.17 21:46:49 WARN  no build target for: C:\Users\Mowodis\Desktop\Studium\Semester_3\Theoretische Informatik 1\Übungen\Übung 8\Uebungsblatt-8\JavaSorting.java
2022.12.17 21:46:59 WARN  no build target for: C:\Users\Mowodis\Desktop\Studium\Semester_3\Theoretische Informatik 1\Übungen\Übung 8\Uebungsblatt-8\JavaSorting.java
2022.12.17 21:47:05 WARN  no build target for: C:\Users\Mowodis\Desktop\Studium\Semester_3\Theoretische Informatik 1\Übungen\Übung 8\Uebungsblatt-8\JavaSorting.java
Dez 17, 2022 9:47:23 PM org.eclipse.lsp4j.jsonrpc.RemoteEndpoint handleCancellation
WARNUNG: Unmatched cancel notification for request id 13490
2022.12.17 21:51:14 WARN  no build target for: C:\Users\Mowodis\Desktop\Studium\Semester_3\Theoretische Informatik 1\Übungen\Übung 8\Uebungsblatt-8\JavaSorting.java
2022.12.17 21:51:30 WARN  no build target for: C:\Users\Mowodis\Desktop\Studium\Semester_3\Theoretische Informatik 1\Übungen\Übung 8\Uebungsblatt-8\JavaSorting.java
2022.12.17 21:52:16 WARN  no build target for: C:\Users\Mowodis\Desktop\Studium\Semester_3\Theoretische Informatik 1\Übungen\Übung 8\Uebungsblatt-8\JavaSorting.java
2022.12.17 21:52:20 WARN  no build target for: C:\Users\Mowodis\Desktop\Studium\Semester_3\Theoretische Informatik 1\Übungen\Übung 8\Uebungsblatt-8\JavaSorting.java
2022.12.17 21:52:28 WARN  no build target for: C:\Users\Mowodis\Desktop\Studium\Semester_3\Theoretische Informatik 1\Übungen\Übung 8\Uebungsblatt-8\JavaSorting.java
2022.12.17 21:52:35 WARN  no build target for: C:\Users\Mowodis\Desktop\Studium\Semester_3\Theoretische Informatik 1\Übungen\Übung 8\Uebungsblatt-8\JavaSorting.java
2022.12.17 21:52:38 WARN  no build target for: C:\Users\Mowodis\Desktop\Studium\Semester_3\Theoretische Informatik 1\Übungen\Übung 8\Uebungsblatt-8\JavaSorting.java
2022.12.17 21:54:29 WARN  no build target for: C:\Users\Mowodis\Desktop\Studium\Semester_3\Theoretische Informatik 1\Übungen\Übung 8\Uebungsblatt-8\JavaSorting.java
2022.12.17 21:56:57 WARN  no build target for: C:\Users\Mowodis\Desktop\Studium\Semester_3\Theoretische Informatik 1\Übungen\Übung 8\Uebungsblatt-8\JavaSorting.java
2022.12.17 21:57:26 WARN  no build target for: C:\Users\Mowodis\Desktop\Studium\Semester_3\Theoretische Informatik 1\Übungen\Übung 8\Uebungsblatt-8\JavaSorting.java
2022.12.17 21:58:40 WARN  no build target for: C:\Users\Mowodis\Desktop\Studium\Semester_3\Theoretische Informatik 1\Übungen\Übung 8\Uebungsblatt-8\JavaSorting.java
2022.12.17 22:01:37 WARN  no build target for: C:\Users\Mowodis\Desktop\Studium\Semester_3\Theoretische Informatik 1\Übungen\Übung 8\Uebungsblatt-8\JavaSorting.java
2022.12.17 22:02:55 WARN  no build target for: C:\Users\Mowodis\Desktop\Studium\Semester_3\Theoretische Informatik 1\Übungen\Übung 8\Uebungsblatt-8\JavaSorting.java
2022.12.17 22:03:47 WARN  no build target for: C:\Users\Mowodis\Desktop\Studium\Semester_3\Theoretische Informatik 1\Übungen\Übung 8\Uebungsblatt-8\JavaSorting.java
Dez 17, 2022 10:03:52 PM org.eclipse.lsp4j.jsonrpc.RemoteEndpoint handleCancellation
WARNUNG: Unmatched cancel notification for request id 14191
2022.12.17 22:03:58 WARN  no build target for: C:\Users\Mowodis\Desktop\Studium\Semester_3\Theoretische Informatik 1\Übungen\Übung 8\Uebungsblatt-8\JavaSorting.java
2022.12.17 22:04:20 WARN  no build target for: C:\Users\Mowodis\Desktop\Studium\Semester_3\Theoretische Informatik 1\Übungen\Übung 8\Uebungsblatt-8\JavaSorting.java
Dez 17, 2022 10:04:57 PM org.eclipse.lsp4j.jsonrpc.RemoteEndpoint handleCancellation
WARNUNG: Unmatched cancel notification for request id 14253
Dez 17, 2022 10:04:57 PM org.eclipse.lsp4j.jsonrpc.RemoteEndpoint handleCancellation
WARNUNG: Unmatched cancel notification for request id 14254
2022.12.17 22:05:02 WARN  no build target for: C:\Users\Mowodis\Desktop\Studium\Semester_3\Theoretische Informatik 1\Übungen\Übung 8\Uebungsblatt-8\JavaSorting.java
2022.12.17 22:05:54 WARN  no build target for: C:\Users\Mowodis\Desktop\Studium\Semester_3\Theoretische Informatik 1\Übungen\Übung 8\Uebungsblatt-8\JavaSorting.java
2022.12.17 22:06:07 WARN  no build target for: C:\Users\Mowodis\Desktop\Studium\Semester_3\Theoretische Informatik 1\Übungen\Übung 8\Uebungsblatt-8\JavaSorting.java
2022.12.17 22:07:10 WARN  no build target for: C:\Users\Mowodis\Desktop\Studium\Semester_3\Theoretische Informatik 1\Übungen\Übung 8\Uebungsblatt-8\JavaSorting.java
Dez 17, 2022 10:07:58 PM org.eclipse.lsp4j.jsonrpc.RemoteEndpoint handleCancellation
WARNUNG: Unmatched cancel notification for request id 14471
2022.12.17 22:08:09 WARN  no build target for: C:\Users\Mowodis\Desktop\Studium\Semester_3\Theoretische Informatik 1\Übungen\Übung 8\Uebungsblatt-8\JavaSorting.java
2022.12.17 22:11:52 WARN  no build target for: C:\Users\Mowodis\Desktop\Studium\Semester_3\Theoretische Informatik 1\Übungen\Übung 8\Uebungsblatt-8\JavaSorting.java
Dez 17, 2022 10:12:26 PM org.eclipse.lsp4j.jsonrpc.RemoteEndpoint handleCancellation
WARNUNG: Unmatched cancel notification for request id 14791
Dez 17, 2022 10:12:27 PM org.eclipse.lsp4j.jsonrpc.RemoteEndpoint handleCancellation
WARNUNG: Unmatched cancel notification for request id 14792
2022.12.17 22:23:14 WARN  no build target for: C:\Users\Mowodis\Desktop\Studium\Semester_3\Theoretische Informatik 1\Übungen\Übung 8\Uebungsblatt-8\JavaSorting.java
2022.12.17 22:28:24 WARN  no build target for: C:\Users\Mowodis\Desktop\Studium\Semester_3\Theoretische Informatik 1\Übungen\Übung 8\Uebungsblatt-8\JavaSorting.java
2022.12.17 22:30:21 WARN  no build target for: C:\Users\Mowodis\Desktop\Studium\Semester_3\Theoretische Informatik 1\Übungen\Übung 8\Uebungsblatt-8\JavaSorting.java
2022.12.17 22:33:03 WARN  no build target for: C:\Users\Mowodis\Desktop\Studium\Semester_3\Theoretische Informatik 1\Übungen\Übung 8\Uebungsblatt-8\JavaSorting.java
2022.12.17 22:33:15 WARN  no build target for: C:\Users\Mowodis\Desktop\Studium\Semester_3\Theoretische Informatik 1\Übungen\Übung 8\Uebungsblatt-8\JavaSorting.java
